Using pre-set license
Built from '2022.1/staging' branch; Version is '2022.1.16f1 (7321c9670bc2) revision 7545289'; Using compiler version '192829333'; Build Type 'Release'
OS: 'Windows 10  (10.0.19045) 64bit Core' Language: 'en' Physical Memory: 16288 MB
BatchMode: 1, IsHumanControllingUs: 0, StartBugReporterOnCrash: 0, Is64bit: 1, IsPro: 1

COMMAND LINE ARGUMENTS:
C:\Program Files\Unity\Hub\Editor\2022.1.16f1\Editor\Unity.exe
-adb2
-batchMode
-noUpm
-name
AssetImportWorker1
-projectPath
C:/Users/Antop/Documents/GitHub/planington/SimpleWings-master
-logFile
Logs/AssetImportWorker1.log
-srvPort
51957
Successfully changed project path to: C:/Users/Antop/Documents/GitHub/planington/SimpleWings-master
C:/Users/Antop/Documents/GitHub/planington/SimpleWings-master
[UnityMemory] Configuration Parameters - Can be set up in boot.config
    "memorysetup-bucket-allocator-granularity=16"
    "memorysetup-bucket-allocator-bucket-count=8"
    "memorysetup-bucket-allocator-block-size=33554432"
    "memorysetup-bucket-allocator-block-count=8"
    "memorysetup-main-allocator-block-size=16777216"
    "memorysetup-thread-allocator-block-size=16777216"
    "memorysetup-gfx-main-allocator-block-size=16777216"
    "memorysetup-gfx-thread-allocator-block-size=16777216"
    "memorysetup-cache-allocator-block-size=4194304"
    "memorysetup-typetree-allocator-block-size=2097152"
    "memorysetup-profiler-bucket-allocator-granularity=16"
    "memorysetup-profiler-bucket-allocator-bucket-count=8"
    "memorysetup-profiler-bucket-allocator-block-size=33554432"
    "memorysetup-profiler-bucket-allocator-block-count=8"
    "memorysetup-profiler-allocator-block-size=16777216"
    "memorysetup-profiler-editor-allocator-block-size=1048576"
    "memorysetup-temp-allocator-size-main=16777216"
    "memorysetup-job-temp-allocator-block-size=2097152"
    "memorysetup-job-temp-allocator-block-size-background=1048576"
    "memorysetup-job-temp-allocator-reduction-small-platforms=262144"
    "memorysetup-temp-allocator-size-background-worker=32768"
    "memorysetup-temp-allocator-size-job-worker=262144"
    "memorysetup-temp-allocator-size-preload-manager=33554432"
    "memorysetup-temp-allocator-size-nav-mesh-worker=65536"
    "memorysetup-temp-allocator-size-audio-worker=65536"
    "memorysetup-temp-allocator-size-cloud-worker=32768"
    "memorysetup-temp-allocator-size-gi-baking-worker=262144"
    "memorysetup-temp-allocator-size-gfx=262144"
Refreshing native plugins compatible for Editor in 110.58 ms, found 3 plugins.
Preloading 0 native plugins for Editor in 0.00 ms.
Initialize engine version: 2022.1.16f1 (7321c9670bc2)
[Subsystems] Discovering subsystems at path C:/Program Files/Unity/Hub/Editor/2022.1.16f1/Editor/Data/Resources/UnitySubsystems
[Subsystems] Discovering subsystems at path C:/Users/Antop/Documents/GitHub/planington/SimpleWings-master/Assets
GfxDevice: creating device client; threaded=0; jobified=0
Direct3D:
    Version:  Direct3D 11.0 [level 11.1]
    Renderer: AMD Radeon RX 6600 XT (ID=0x73ff)
    Vendor:   ATI
    VRAM:     8147 MB
    Driver:   31.0.12029.7019
Initialize mono
Mono path[0] = 'C:/Program Files/Unity/Hub/Editor/2022.1.16f1/Editor/Data/Managed'
Mono path[1] = 'C:/Program Files/Unity/Hub/Editor/2022.1.16f1/Editor/Data/MonoBleedingEdge/lib/mono/unityjit-win32'
Mono config path = 'C:/Program Files/Unity/Hub/Editor/2022.1.16f1/Editor/Data/MonoBleedingEdge/etc'
Using monoOptions --debugger-agent=transport=dt_socket,embedding=1,server=y,suspend=n,address=127.0.0.1:56968
Begin MonoManager ReloadAssembly
Registering precompiled unity dll's ...
Register platform support module: C:/Program Files/Unity/Hub/Editor/2022.1.16f1/Editor/Data/PlaybackEngines/WindowsStandaloneSupport/UnityEditor.WindowsStandalone.Extensions.dll
Register platform support module: C:/Program Files/Unity/Hub/Editor/2022.1.16f1/Editor/Data/PlaybackEngines/MetroSupport/UnityEditor.UWP.Extensions.dll
Registered in 0.008576 seconds.
Native extension for UWP target not found
Native extension for WindowsStandalone target not found
Refreshing native plugins compatible for Editor in 103.20 ms, found 3 plugins.
Preloading 0 native plugins for Editor in 0.00 ms.
Mono: successfully reloaded assembly
- Completed reload, in  0.631 seconds
Domain Reload Profiling:
	ReloadAssembly (632ms)
		BeginReloadAssembly (69ms)
			ExecutionOrderSort (0ms)
			DisableScriptedObjects (0ms)
			BackupInstance (0ms)
			ReleaseScriptingObjects (0ms)
			CreateAndSetChildDomain (1ms)
		EndReloadAssembly (457ms)
			LoadAssemblies (67ms)
			RebuildTransferFunctionScriptingTraits (0ms)
			SetupTypeCache (104ms)
				TypeCache.Initialize (104ms)
					TypeCache.ScanAssembly (102ms)
				ResolveRequiredComponents (0ms)
			ReleaseScriptCaches (0ms)
			RebuildScriptCaches (25ms)
			SetupLoadedEditorAssemblies (279ms)
				LogAssemblyErrors (0ms)
				InitializePlatformSupportModulesInManaged (9ms)
				SetLoadedEditorAssemblies (6ms)
				RefreshPlugins (103ms)
				BeforeProcessingInitializeOnLoad (1ms)
				ProcessInitializeOnLoadAttributes (120ms)
				ProcessInitializeOnLoadMethodAttributes (40ms)
				AfterProcessingInitializeOnLoad (0ms)
				EditorAssembliesLoaded (0ms)
			ExecutionOrderSort2 (0ms)
			AwakeInstancesAfterBackupRestoration (0ms)
Platform modules already initialized, skipping
Registering precompiled user dll's ...
Registered in 0.008383 seconds.
Begin MonoManager ReloadAssembly
Symbol file LoadedFromMemory doesn't match image C:\Users\Antop\Documents\GitHub\planington\SimpleWings-master\Library\PackageCache\com.unity.visualscripting@1.7.8\Editor\VisualScripting.Core\Dependencies\YamlDotNet\Unity.VisualScripting.YamlDotNet.dll
Symbol file LoadedFromMemory doesn't match image C:\Users\Antop\Documents\GitHub\planington\SimpleWings-master\Library\PackageCache\com.unity.visualscripting@1.7.8\Editor\VisualScripting.Core\Dependencies\DotNetZip\Unity.VisualScripting.IonicZip.dll
Native extension for UWP target not found
Native extension for WindowsStandalone target not found
Refreshing native plugins compatible for Editor in 105.80 ms, found 3 plugins.
Preloading 0 native plugins for Editor in 0.00 ms.
Mono: successfully reloaded assembly
- Completed reload, in  1.239 seconds
Domain Reload Profiling:
	ReloadAssembly (1239ms)
		BeginReloadAssembly (120ms)
			ExecutionOrderSort (0ms)
			DisableScriptedObjects (6ms)
			BackupInstance (0ms)
			ReleaseScriptingObjects (0ms)
			CreateAndSetChildDomain (22ms)
		EndReloadAssembly (1006ms)
			LoadAssemblies (101ms)
			RebuildTransferFunctionScriptingTraits (0ms)
			SetupTypeCache (244ms)
				TypeCache.Initialize (232ms)
					TypeCache.ScanAssembly (227ms)
				ResolveRequiredComponents (13ms)
			ReleaseScriptCaches (1ms)
			RebuildScriptCaches (52ms)
			SetupLoadedEditorAssemblies (558ms)
				LogAssemblyErrors (0ms)
				InitializePlatformSupportModulesInManaged (5ms)
				SetLoadedEditorAssemblies (7ms)
				RefreshPlugins (106ms)
				BeforeProcessingInitializeOnLoad (111ms)
				ProcessInitializeOnLoadAttributes (245ms)
				ProcessInitializeOnLoadMethodAttributes (74ms)
				AfterProcessingInitializeOnLoad (9ms)
				EditorAssembliesLoaded (0ms)
			ExecutionOrderSort2 (0ms)
			AwakeInstancesAfterBackupRestoration (6ms)
Platform modules already initialized, skipping
========================================================================
Worker process is ready to serve import requests
database is locked
Failed to delete database file Library/ShaderCache.db
Launched and connected shader compiler UnityShaderCompiler.exe after 0.12 seconds
Refreshing native plugins compatible for Editor in 1.16 ms, found 3 plugins.
Preloading 0 native plugins for Editor in 0.00 ms.
Unloading 5220 Unused Serialized files (Serialized files now loaded: 0)
Unloading 33 unused Assets / (420.4 KB). Loaded Objects now: 5677.
Memory consumption went from 0.81 GB to 0.81 GB.
Total: 3.538400 ms (FindLiveObjects: 0.363100 ms CreateObjectMapping: 0.264600 ms MarkObjects: 2.717200 ms  DeleteObjects: 0.192900 ms)

AssetImportParameters requested are different than current active one (requested -> active):
  custom:video-decoder-ogg-theora: a1e56fd34408186e4bbccfd4996cb3dc -> 
  custom:container-muxer-webm: aa71ff27fc2769a1b78a27578f13a17b -> 
  custom:container-demuxer-webm: 4f35f7cbe854078d1ac9338744f61a02 -> 
  custom:video-encoder-webm-vp8: eb34c28f22e8b96e1ab97ce403110664 -> 
  custom:audio-encoder-webm-vorbis: bf7c407c2cedff20999df2af8eb42d56 -> 
  custom:framework-win-MediaFoundation: 216162199b28c13a410421893ffa2e32 -> 
  custom:container-demuxer-ogg: 62fdf1f143b41e24485cea50d1cbac27 -> 
  custom:video-decoder-webm-vp8: 9c59270c3fd7afecdb556c50c9e8de78 -> 
  custom:audio-decoder-ogg-vorbis: bf7c407c2cedff20999df2af8eb42d56 -> 
========================================================================
Received Import Request.
  Time since last request: 3547.306013 seconds.
  path: Assets/Dark_green.svg.png
  artifactKey: Guid(db8c9d2517c2fc242998d66e1ff5600c) Importer(815301076,1909f56bfc062723c751e8b465ee728b)
Start importing Assets/Dark_green.svg.png using Guid(db8c9d2517c2fc242998d66e1ff5600c) Importer(815301076,1909f56bfc062723c751e8b465ee728b)  -> (artifact id: '42e714c7381a558cf515289627f71f03') in 0.111057 seconds 
========================================================================
Received Import Request.
  Time since last request: 0.000019 seconds.
  path: Assets/UniversalRenderPipelineGlobalSettings.asset
  artifactKey: Guid(72abededcec11b241a4f9fcd0ba62445) Importer(815301076,1909f56bfc062723c751e8b465ee728b)
Start importing Assets/UniversalRenderPipelineGlobalSettings.asset using Guid(72abededcec11b241a4f9fcd0ba62445) Importer(815301076,1909f56bfc062723c751e8b465ee728b)  -> (artifact id: 'c9192f020ba92e28616d2e996de7a4fb') in 0.009710 seconds 
========================================================================
Received Import Request.
  Time since last request: 0.000016 seconds.
  path: Assets/NewLayer.terrainlayer
  artifactKey: Guid(418076cdc71075b43a71abc776941868) Importer(815301076,1909f56bfc062723c751e8b465ee728b)
Start importing Assets/NewLayer.terrainlayer using Guid(418076cdc71075b43a71abc776941868) Importer(815301076,1909f56bfc062723c751e8b465ee728b)  -> (artifact id: '61c5feb8b3183c2cce7187c29a7f1282') in 0.035847 seconds 
========================================================================
Received Import Request.
  Time since last request: 0.000035 seconds.
  path: Assets/New Universal Render Pipeline Asset_Renderer.asset
  artifactKey: Guid(fd927025a89c9624e8d0739cdc7b8375) Importer(815301076,1909f56bfc062723c751e8b465ee728b)
Start importing Assets/New Universal Render Pipeline Asset_Renderer.asset using Guid(fd927025a89c9624e8d0739cdc7b8375) Importer(815301076,1909f56bfc062723c751e8b465ee728b)  -> (artifact id: '8db07d1f02bed2bb3fc6dd71e0418c3f') in 0.008433 seconds 
========================================================================
Received Import Request.
  Time since last request: 0.000051 seconds.
  path: Assets/ground.mat
  artifactKey: Guid(a1e65bfbe1850f6408b1910c741f50a4) Importer(815301076,1909f56bfc062723c751e8b465ee728b)
Start importing Assets/ground.mat using Guid(a1e65bfbe1850f6408b1910c741f50a4) Importer(815301076,1909f56bfc062723c751e8b465ee728b)  -> (artifact id: '295755b0f5c1c2faf7e7cd79de1e06bf') in 0.228126 seconds 
========================================================================
Received Import Request.
  Time since last request: 0.000020 seconds.
  path: Assets/FighterJet.prefab
  artifactKey: Guid(442463d6a1ebe5340a706bdbc40dac91) Importer(815301076,1909f56bfc062723c751e8b465ee728b)
Start importing Assets/FighterJet.prefab using Guid(442463d6a1ebe5340a706bdbc40dac91) Importer(815301076,1909f56bfc062723c751e8b465ee728b)  -> (artifact id: '99546463a643c4165d1a1623d61e1096') in 0.062359 seconds 
========================================================================
Received Import Request.
  Time since last request: 8.147732 seconds.
  path: Assets/menu/Lightmap-0_comp_light.exr
  artifactKey: Guid(31e39bbe3fb6e4f4e91ce670918d1165) Importer(815301076,1909f56bfc062723c751e8b465ee728b)
Start importing Assets/menu/Lightmap-0_comp_light.exr using Guid(31e39bbe3fb6e4f4e91ce670918d1165) Importer(815301076,1909f56bfc062723c751e8b465ee728b)  -> (artifact id: '42e0196b4cfa36cf813a4c0f4487f97d') in 0.029796 seconds 
========================================================================
Received Prepare
Registering precompiled user dll's ...
Registered in 0.008230 seconds.
Begin MonoManager ReloadAssembly
Symbol file LoadedFromMemory doesn't match image C:\Users\Antop\Documents\GitHub\planington\SimpleWings-master\Library\PackageCache\com.unity.visualscripting@1.7.8\Editor\VisualScripting.Core\Dependencies\YamlDotNet\Unity.VisualScripting.YamlDotNet.dll
Symbol file LoadedFromMemory doesn't match image C:\Users\Antop\Documents\GitHub\planington\SimpleWings-master\Library\PackageCache\com.unity.visualscripting@1.7.8\Editor\VisualScripting.Core\Dependencies\DotNetZip\Unity.VisualScripting.IonicZip.dll
Native extension for UWP target not found
Native extension for WindowsStandalone target not found
Refreshing native plugins compatible for Editor in 1.48 ms, found 3 plugins.
Preloading 0 native plugins for Editor in 0.00 ms.
Mono: successfully reloaded assembly
- Completed reload, in  1.183 seconds
Domain Reload Profiling:
	ReloadAssembly (1183ms)
		BeginReloadAssembly (150ms)
			ExecutionOrderSort (0ms)
			DisableScriptedObjects (7ms)
			BackupInstance (0ms)
			ReleaseScriptingObjects (0ms)
			CreateAndSetChildDomain (45ms)
		EndReloadAssembly (932ms)
			LoadAssemblies (97ms)
			RebuildTransferFunctionScriptingTraits (0ms)
			SetupTypeCache (251ms)
				TypeCache.Initialize (240ms)
					TypeCache.ScanAssembly (234ms)
				ResolveRequiredComponents (10ms)
			ReleaseScriptCaches (2ms)
			RebuildScriptCaches (47ms)
			SetupLoadedEditorAssemblies (458ms)
				LogAssemblyErrors (0ms)
				InitializePlatformSupportModulesInManaged (15ms)
				SetLoadedEditorAssemblies (7ms)
				RefreshPlugins (2ms)
				BeforeProcessingInitializeOnLoad (93ms)
				ProcessInitializeOnLoadAttributes (250ms)
				ProcessInitializeOnLoadMethodAttributes (80ms)
				AfterProcessingInitializeOnLoad (11ms)
				EditorAssembliesLoaded (0ms)
			ExecutionOrderSort2 (0ms)
			AwakeInstancesAfterBackupRestoration (15ms)
Platform modules already initialized, skipping
Refreshing native plugins compatible for Editor in 2.96 ms, found 3 plugins.
Preloading 0 native plugins for Editor in 0.00 ms.
Unloading 5083 Unused Serialized files (Serialized files now loaded: 0)
Unloading 27 unused Assets / (381.4 KB). Loaded Objects now: 5773.
Memory consumption went from 0.79 GB to 0.79 GB.
Total: 3.084100 ms (FindLiveObjects: 0.332300 ms CreateObjectMapping: 0.214500 ms MarkObjects: 2.470400 ms  DeleteObjects: 0.066300 ms)

AssetImportParameters requested are different than current active one (requested -> active):
  custom:video-decoder-ogg-theora: a1e56fd34408186e4bbccfd4996cb3dc -> 
  custom:container-muxer-webm: aa71ff27fc2769a1b78a27578f13a17b -> 
  custom:container-demuxer-webm: 4f35f7cbe854078d1ac9338744f61a02 -> 
  custom:video-encoder-webm-vp8: eb34c28f22e8b96e1ab97ce403110664 -> 
  custom:audio-encoder-webm-vorbis: bf7c407c2cedff20999df2af8eb42d56 -> 
  custom:framework-win-MediaFoundation: 216162199b28c13a410421893ffa2e32 -> 
  custom:container-demuxer-ogg: 62fdf1f143b41e24485cea50d1cbac27 -> 
  custom:video-decoder-webm-vp8: 9c59270c3fd7afecdb556c50c9e8de78 -> 
  custom:audio-decoder-ogg-vorbis: bf7c407c2cedff20999df2af8eb42d56 -> 
========================================================================
Received Import Request.
  Time since last request: 154.910950 seconds.
  path: Assets/New Scene.unity
  artifactKey: Guid(4ee5fb693d1e4054588534c0de3e30c5) Importer(815301076,1909f56bfc062723c751e8b465ee728b)
Start importing Assets/New Scene.unity using Guid(4ee5fb693d1e4054588534c0de3e30c5) Importer(815301076,1909f56bfc062723c751e8b465ee728b)  -> (artifact id: 'b6ca3a9edd4b99477fa99424ec9191ac') in 0.012533 seconds 
========================================================================
Received Prepare
Registering precompiled user dll's ...
Registered in 0.008220 seconds.
Begin MonoManager ReloadAssembly
Symbol file LoadedFromMemory doesn't match image C:\Users\Antop\Documents\GitHub\planington\SimpleWings-master\Library\PackageCache\com.unity.visualscripting@1.7.8\Editor\VisualScripting.Core\Dependencies\YamlDotNet\Unity.VisualScripting.YamlDotNet.dll
Symbol file LoadedFromMemory doesn't match image C:\Users\Antop\Documents\GitHub\planington\SimpleWings-master\Library\PackageCache\com.unity.visualscripting@1.7.8\Editor\VisualScripting.Core\Dependencies\DotNetZip\Unity.VisualScripting.IonicZip.dll
Native extension for UWP target not found
Native extension for WindowsStandalone target not found
Refreshing native plugins compatible for Editor in 0.96 ms, found 3 plugins.
Preloading 0 native plugins for Editor in 0.00 ms.
Mono: successfully reloaded assembly
- Completed reload, in  1.101 seconds
Domain Reload Profiling:
	ReloadAssembly (1102ms)
		BeginReloadAssembly (121ms)
			ExecutionOrderSort (0ms)
			DisableScriptedObjects (5ms)
			BackupInstance (0ms)
			ReleaseScriptingObjects (0ms)
			CreateAndSetChildDomain (36ms)
		EndReloadAssembly (890ms)
			LoadAssemblies (83ms)
			RebuildTransferFunctionScriptingTraits (0ms)
			SetupTypeCache (246ms)
				TypeCache.Initialize (235ms)
					TypeCache.ScanAssembly (229ms)
				ResolveRequiredComponents (11ms)
			ReleaseScriptCaches (2ms)
			RebuildScriptCaches (42ms)
			SetupLoadedEditorAssemblies (437ms)
				LogAssemblyErrors (0ms)
				InitializePlatformSupportModulesInManaged (13ms)
				SetLoadedEditorAssemblies (7ms)
				RefreshPlugins (1ms)
				BeforeProcessingInitializeOnLoad (88ms)
				ProcessInitializeOnLoadAttributes (237ms)
				ProcessInitializeOnLoadMethodAttributes (80ms)
				AfterProcessingInitializeOnLoad (11ms)
				EditorAssembliesLoaded (0ms)
			ExecutionOrderSort2 (0ms)
			AwakeInstancesAfterBackupRestoration (17ms)
Platform modules already initialized, skipping
Refreshing native plugins compatible for Editor in 2.70 ms, found 3 plugins.
Preloading 0 native plugins for Editor in 0.00 ms.
Unloading 5083 Unused Serialized files (Serialized files now loaded: 0)
Unloading 26 unused Assets / (380.6 KB). Loaded Objects now: 5777.
Memory consumption went from 0.79 GB to 0.79 GB.
Total: 3.907500 ms (FindLiveObjects: 0.340300 ms CreateObjectMapping: 0.258300 ms MarkObjects: 3.237500 ms  DeleteObjects: 0.070300 ms)

AssetImportParameters requested are different than current active one (requested -> active):
  custom:video-decoder-ogg-theora: a1e56fd34408186e4bbccfd4996cb3dc -> 
  custom:container-muxer-webm: aa71ff27fc2769a1b78a27578f13a17b -> 
  custom:container-demuxer-webm: 4f35f7cbe854078d1ac9338744f61a02 -> 
  custom:video-encoder-webm-vp8: eb34c28f22e8b96e1ab97ce403110664 -> 
  custom:audio-encoder-webm-vorbis: bf7c407c2cedff20999df2af8eb42d56 -> 
  custom:framework-win-MediaFoundation: 216162199b28c13a410421893ffa2e32 -> 
  custom:container-demuxer-ogg: 62fdf1f143b41e24485cea50d1cbac27 -> 
  custom:video-decoder-webm-vp8: 9c59270c3fd7afecdb556c50c9e8de78 -> 
  custom:audio-decoder-ogg-vorbis: bf7c407c2cedff20999df2af8eb42d56 -> 
========================================================================
Received Prepare
Registering precompiled user dll's ...
Registered in 0.008118 seconds.
Begin MonoManager ReloadAssembly
Symbol file LoadedFromMemory doesn't match image C:\Users\Antop\Documents\GitHub\planington\SimpleWings-master\Library\PackageCache\com.unity.visualscripting@1.7.8\Editor\VisualScripting.Core\Dependencies\YamlDotNet\Unity.VisualScripting.YamlDotNet.dll
Symbol file LoadedFromMemory doesn't match image C:\Users\Antop\Documents\GitHub\planington\SimpleWings-master\Library\PackageCache\com.unity.visualscripting@1.7.8\Editor\VisualScripting.Core\Dependencies\DotNetZip\Unity.VisualScripting.IonicZip.dll
Native extension for UWP target not found
Native extension for WindowsStandalone target not found
Refreshing native plugins compatible for Editor in 1.06 ms, found 3 plugins.
Preloading 0 native plugins for Editor in 0.00 ms.
Mono: successfully reloaded assembly
- Completed reload, in  1.079 seconds
Domain Reload Profiling:
	ReloadAssembly (1080ms)
		BeginReloadAssembly (121ms)
			ExecutionOrderSort (0ms)
			DisableScriptedObjects (5ms)
			BackupInstance (0ms)
			ReleaseScriptingObjects (0ms)
			CreateAndSetChildDomain (36ms)
		EndReloadAssembly (869ms)
			LoadAssemblies (79ms)
			RebuildTransferFunctionScriptingTraits (0ms)
			SetupTypeCache (233ms)
				TypeCache.Initialize (222ms)
					TypeCache.ScanAssembly (217ms)
				ResolveRequiredComponents (11ms)
			ReleaseScriptCaches (2ms)
			RebuildScriptCaches (43ms)
			SetupLoadedEditorAssemblies (434ms)
				LogAssemblyErrors (0ms)
				InitializePlatformSupportModulesInManaged (14ms)
				SetLoadedEditorAssemblies (6ms)
				RefreshPlugins (1ms)
				BeforeProcessingInitializeOnLoad (87ms)
				ProcessInitializeOnLoadAttributes (237ms)
				ProcessInitializeOnLoadMethodAttributes (78ms)
				AfterProcessingInitializeOnLoad (10ms)
				EditorAssembliesLoaded (0ms)
			ExecutionOrderSort2 (0ms)
			AwakeInstancesAfterBackupRestoration (14ms)
Platform modules already initialized, skipping
Refreshing native plugins compatible for Editor in 2.15 ms, found 3 plugins.
Preloading 0 native plugins for Editor in 0.00 ms.
Unloading 5083 Unused Serialized files (Serialized files now loaded: 0)
Unloading 26 unused Assets / (380.6 KB). Loaded Objects now: 5781.
Memory consumption went from 0.79 GB to 0.79 GB.
Total: 3.241100 ms (FindLiveObjects: 0.364400 ms CreateObjectMapping: 0.246100 ms MarkObjects: 2.550000 ms  DeleteObjects: 0.079900 ms)

AssetImportParameters requested are different than current active one (requested -> active):
  custom:video-decoder-ogg-theora: a1e56fd34408186e4bbccfd4996cb3dc -> 
  custom:container-muxer-webm: aa71ff27fc2769a1b78a27578f13a17b -> 
  custom:container-demuxer-webm: 4f35f7cbe854078d1ac9338744f61a02 -> 
  custom:video-encoder-webm-vp8: eb34c28f22e8b96e1ab97ce403110664 -> 
  custom:audio-encoder-webm-vorbis: bf7c407c2cedff20999df2af8eb42d56 -> 
  custom:framework-win-MediaFoundation: 216162199b28c13a410421893ffa2e32 -> 
  custom:container-demuxer-ogg: 62fdf1f143b41e24485cea50d1cbac27 -> 
  custom:video-decoder-webm-vp8: 9c59270c3fd7afecdb556c50c9e8de78 -> 
  custom:audio-decoder-ogg-vorbis: bf7c407c2cedff20999df2af8eb42d56 -> 
========================================================================
Received Prepare
Registering precompiled user dll's ...
Registered in 0.007616 seconds.
Begin MonoManager ReloadAssembly
Symbol file LoadedFromMemory doesn't match image C:\Users\Antop\Documents\GitHub\planington\SimpleWings-master\Library\PackageCache\com.unity.visualscripting@1.7.8\Editor\VisualScripting.Core\Dependencies\YamlDotNet\Unity.VisualScripting.YamlDotNet.dll
Symbol file LoadedFromMemory doesn't match image C:\Users\Antop\Documents\GitHub\planington\SimpleWings-master\Library\PackageCache\com.unity.visualscripting@1.7.8\Editor\VisualScripting.Core\Dependencies\DotNetZip\Unity.VisualScripting.IonicZip.dll
Native extension for UWP target not found
Native extension for WindowsStandalone target not found
Refreshing native plugins compatible for Editor in 1.05 ms, found 3 plugins.
Preloading 0 native plugins for Editor in 0.00 ms.
Mono: successfully reloaded assembly
- Completed reload, in  1.060 seconds
Domain Reload Profiling:
	ReloadAssembly (1061ms)
		BeginReloadAssembly (117ms)
			ExecutionOrderSort (0ms)
			DisableScriptedObjects (4ms)
			BackupInstance (0ms)
			ReleaseScriptingObjects (0ms)
			CreateAndSetChildDomain (35ms)
		EndReloadAssembly (858ms)
			LoadAssemblies (78ms)
			RebuildTransferFunctionScriptingTraits (0ms)
			SetupTypeCache (229ms)
				TypeCache.Initialize (219ms)
					TypeCache.ScanAssembly (213ms)
				ResolveRequiredComponents (11ms)
			ReleaseScriptCaches (2ms)
			RebuildScriptCaches (43ms)
			SetupLoadedEditorAssemblies (431ms)
				LogAssemblyErrors (0ms)
				InitializePlatformSupportModulesInManaged (13ms)
				SetLoadedEditorAssemblies (6ms)
				RefreshPlugins (1ms)
				BeforeProcessingInitializeOnLoad (82ms)
				ProcessInitializeOnLoadAttributes (240ms)
				ProcessInitializeOnLoadMethodAttributes (79ms)
				AfterProcessingInitializeOnLoad (10ms)
				EditorAssembliesLoaded (0ms)
			ExecutionOrderSort2 (0ms)
			AwakeInstancesAfterBackupRestoration (15ms)
Platform modules already initialized, skipping
Refreshing native plugins compatible for Editor in 2.54 ms, found 3 plugins.
Preloading 0 native plugins for Editor in 0.00 ms.
Unloading 5083 Unused Serialized files (Serialized files now loaded: 0)
Unloading 26 unused Assets / (380.6 KB). Loaded Objects now: 5785.
Memory consumption went from 0.79 GB to 0.79 GB.
Total: 3.306900 ms (FindLiveObjects: 0.364700 ms CreateObjectMapping: 0.248700 ms MarkObjects: 2.615200 ms  DeleteObjects: 0.077700 ms)

AssetImportParameters requested are different than current active one (requested -> active):
  custom:video-decoder-ogg-theora: a1e56fd34408186e4bbccfd4996cb3dc -> 
  custom:container-muxer-webm: aa71ff27fc2769a1b78a27578f13a17b -> 
  custom:container-demuxer-webm: 4f35f7cbe854078d1ac9338744f61a02 -> 
  custom:video-encoder-webm-vp8: eb34c28f22e8b96e1ab97ce403110664 -> 
  custom:audio-encoder-webm-vorbis: bf7c407c2cedff20999df2af8eb42d56 -> 
  custom:framework-win-MediaFoundation: 216162199b28c13a410421893ffa2e32 -> 
  custom:container-demuxer-ogg: 62fdf1f143b41e24485cea50d1cbac27 -> 
  custom:video-decoder-webm-vp8: 9c59270c3fd7afecdb556c50c9e8de78 -> 
  custom:audio-decoder-ogg-vorbis: bf7c407c2cedff20999df2af8eb42d56 -> 
========================================================================
Received Prepare
Registering precompiled user dll's ...
Registered in 0.007805 seconds.
Begin MonoManager ReloadAssembly
Symbol file LoadedFromMemory doesn't match image C:\Users\Antop\Documents\GitHub\planington\SimpleWings-master\Library\PackageCache\com.unity.visualscripting@1.7.8\Editor\VisualScripting.Core\Dependencies\YamlDotNet\Unity.VisualScripting.YamlDotNet.dll
Symbol file LoadedFromMemory doesn't match image C:\Users\Antop\Documents\GitHub\planington\SimpleWings-master\Library\PackageCache\com.unity.visualscripting@1.7.8\Editor\VisualScripting.Core\Dependencies\DotNetZip\Unity.VisualScripting.IonicZip.dll
Native extension for UWP target not found
Native extension for WindowsStandalone target not found
Refreshing native plugins compatible for Editor in 0.93 ms, found 3 plugins.
Preloading 0 native plugins for Editor in 0.00 ms.
Mono: successfully reloaded assembly
- Completed reload, in  1.079 seconds
Domain Reload Profiling:
	ReloadAssembly (1079ms)
		BeginReloadAssembly (119ms)
			ExecutionOrderSort (0ms)
			DisableScriptedObjects (4ms)
			BackupInstance (0ms)
			ReleaseScriptingObjects (0ms)
			CreateAndSetChildDomain (33ms)
		EndReloadAssembly (872ms)
			LoadAssemblies (81ms)
			RebuildTransferFunctionScriptingTraits (0ms)
			SetupTypeCache (242ms)
				TypeCache.Initialize (232ms)
					TypeCache.ScanAssembly (226ms)
				ResolveRequiredComponents (10ms)
			ReleaseScriptCaches (2ms)
			RebuildScriptCaches (43ms)
			SetupLoadedEditorAssemblies (427ms)
				LogAssemblyErrors (0ms)
				InitializePlatformSupportModulesInManaged (15ms)
				SetLoadedEditorAssemblies (6ms)
				RefreshPlugins (1ms)
				BeforeProcessingInitializeOnLoad (84ms)
				ProcessInitializeOnLoadAttributes (232ms)
				ProcessInitializeOnLoadMethodAttributes (77ms)
				AfterProcessingInitializeOnLoad (10ms)
				EditorAssembliesLoaded (0ms)
			ExecutionOrderSort2 (0ms)
			AwakeInstancesAfterBackupRestoration (14ms)
Platform modules already initialized, skipping
Refreshing native plugins compatible for Editor in 2.77 ms, found 3 plugins.
Preloading 0 native plugins for Editor in 0.00 ms.
Unloading 5083 Unused Serialized files (Serialized files now loaded: 0)
Unloading 26 unused Assets / (380.6 KB). Loaded Objects now: 5789.
Memory consumption went from 0.79 GB to 0.79 GB.
Total: 3.207400 ms (FindLiveObjects: 0.310100 ms CreateObjectMapping: 0.221400 ms MarkObjects: 2.585500 ms  DeleteObjects: 0.089600 ms)

AssetImportParameters requested are different than current active one (requested -> active):
  custom:video-decoder-ogg-theora: a1e56fd34408186e4bbccfd4996cb3dc -> 
  custom:container-muxer-webm: aa71ff27fc2769a1b78a27578f13a17b -> 
  custom:container-demuxer-webm: 4f35f7cbe854078d1ac9338744f61a02 -> 
  custom:video-encoder-webm-vp8: eb34c28f22e8b96e1ab97ce403110664 -> 
  custom:audio-encoder-webm-vorbis: bf7c407c2cedff20999df2af8eb42d56 -> 
  custom:framework-win-MediaFoundation: 216162199b28c13a410421893ffa2e32 -> 
  custom:container-demuxer-ogg: 62fdf1f143b41e24485cea50d1cbac27 -> 
  custom:video-decoder-webm-vp8: 9c59270c3fd7afecdb556c50c9e8de78 -> 
  custom:audio-decoder-ogg-vorbis: bf7c407c2cedff20999df2af8eb42d56 -> 
========================================================================
Received Import Request.
  Time since last request: 196.756905 seconds.
  path: Assets/proppela spinna.cs
  artifactKey: Guid(2763f3767387e244b8e2d7d1efb2e66c) Importer(815301076,1909f56bfc062723c751e8b465ee728b)
Start importing Assets/proppela spinna.cs using Guid(2763f3767387e244b8e2d7d1efb2e66c) Importer(815301076,1909f56bfc062723c751e8b465ee728b)  -> (artifact id: '490ffd2d511803604bd35ae4c447f06f') in 0.014883 seconds 
========================================================================
Received Prepare
Registering precompiled user dll's ...
Registered in 0.007444 seconds.
Begin MonoManager ReloadAssembly
Symbol file LoadedFromMemory doesn't match image C:\Users\Antop\Documents\GitHub\planington\SimpleWings-master\Library\PackageCache\com.unity.visualscripting@1.7.8\Editor\VisualScripting.Core\Dependencies\YamlDotNet\Unity.VisualScripting.YamlDotNet.dll
Symbol file LoadedFromMemory doesn't match image C:\Users\Antop\Documents\GitHub\planington\SimpleWings-master\Library\PackageCache\com.unity.visualscripting@1.7.8\Editor\VisualScripting.Core\Dependencies\DotNetZip\Unity.VisualScripting.IonicZip.dll
Native extension for UWP target not found
Native extension for WindowsStandalone target not found
Refreshing native plugins compatible for Editor in 0.97 ms, found 3 plugins.
Preloading 0 native plugins for Editor in 0.00 ms.
Mono: successfully reloaded assembly
- Completed reload, in  0.988 seconds
Domain Reload Profiling:
	ReloadAssembly (988ms)
		BeginReloadAssembly (132ms)
			ExecutionOrderSort (0ms)
			DisableScriptedObjects (5ms)
			BackupInstance (0ms)
			ReleaseScriptingObjects (0ms)
			CreateAndSetChildDomain (41ms)
		EndReloadAssembly (763ms)
			LoadAssemblies (87ms)
			RebuildTransferFunctionScriptingTraits (0ms)
			SetupTypeCache (203ms)
				TypeCache.Initialize (193ms)
					TypeCache.ScanAssembly (189ms)
				ResolveRequiredComponents (9ms)
			ReleaseScriptCaches (2ms)
			RebuildScriptCaches (35ms)
			SetupLoadedEditorAssemblies (377ms)
				LogAssemblyErrors (0ms)
				InitializePlatformSupportModulesInManaged (13ms)
				SetLoadedEditorAssemblies (5ms)
				RefreshPlugins (1ms)
				BeforeProcessingInitializeOnLoad (76ms)
				ProcessInitializeOnLoadAttributes (206ms)
				ProcessInitializeOnLoadMethodAttributes (68ms)
				AfterProcessingInitializeOnLoad (8ms)
				EditorAssembliesLoaded (0ms)
			ExecutionOrderSort2 (0ms)
			AwakeInstancesAfterBackupRestoration (13ms)
Platform modules already initialized, skipping
Refreshing native plugins compatible for Editor in 2.27 ms, found 3 plugins.
Preloading 0 native plugins for Editor in 0.00 ms.
Unloading 5083 Unused Serialized files (Serialized files now loaded: 0)
Unloading 26 unused Assets / (380.5 KB). Loaded Objects now: 5793.
Memory consumption went from 0.79 GB to 0.79 GB.
Total: 3.047600 ms (FindLiveObjects: 0.344800 ms CreateObjectMapping: 0.241900 ms MarkObjects: 2.394000 ms  DeleteObjects: 0.066300 ms)

AssetImportParameters requested are different than current active one (requested -> active):
  custom:video-decoder-ogg-theora: a1e56fd34408186e4bbccfd4996cb3dc -> 
  custom:container-muxer-webm: aa71ff27fc2769a1b78a27578f13a17b -> 
  custom:container-demuxer-webm: 4f35f7cbe854078d1ac9338744f61a02 -> 
  custom:video-encoder-webm-vp8: eb34c28f22e8b96e1ab97ce403110664 -> 
  custom:audio-encoder-webm-vorbis: bf7c407c2cedff20999df2af8eb42d56 -> 
  custom:framework-win-MediaFoundation: 216162199b28c13a410421893ffa2e32 -> 
  custom:container-demuxer-ogg: 62fdf1f143b41e24485cea50d1cbac27 -> 
  custom:video-decoder-webm-vp8: 9c59270c3fd7afecdb556c50c9e8de78 -> 
  custom:audio-decoder-ogg-vorbis: bf7c407c2cedff20999df2af8eb42d56 -> 
========================================================================
Received Import Request.
  Time since last request: 22.207758 seconds.
  path: Assets/PropellaSpinna.cs
  artifactKey: Guid(5114703fcf3a457469643e0474fae511) Importer(815301076,1909f56bfc062723c751e8b465ee728b)
Start importing Assets/PropellaSpinna.cs using Guid(5114703fcf3a457469643e0474fae511) Importer(815301076,1909f56bfc062723c751e8b465ee728b)  -> (artifact id: '73550ab779ff952e2443df6b3df72499') in 0.011804 seconds 
========================================================================
Received Prepare
Registering precompiled user dll's ...
Registered in 0.008165 seconds.
Begin MonoManager ReloadAssembly
Symbol file LoadedFromMemory doesn't match image C:\Users\Antop\Documents\GitHub\planington\SimpleWings-master\Library\PackageCache\com.unity.visualscripting@1.7.8\Editor\VisualScripting.Core\Dependencies\YamlDotNet\Unity.VisualScripting.YamlDotNet.dll
Symbol file LoadedFromMemory doesn't match image C:\Users\Antop\Documents\GitHub\planington\SimpleWings-master\Library\PackageCache\com.unity.visualscripting@1.7.8\Editor\VisualScripting.Core\Dependencies\DotNetZip\Unity.VisualScripting.IonicZip.dll
Native extension for UWP target not found
Native extension for WindowsStandalone target not found
Refreshing native plugins compatible for Editor in 1.07 ms, found 3 plugins.
Preloading 0 native plugins for Editor in 0.00 ms.
Mono: successfully reloaded assembly
- Completed reload, in  0.976 seconds
Domain Reload Profiling:
	ReloadAssembly (977ms)
		BeginReloadAssembly (124ms)
			ExecutionOrderSort (0ms)
			DisableScriptedObjects (5ms)
			BackupInstance (0ms)
			ReleaseScriptingObjects (0ms)
			CreateAndSetChildDomain (36ms)
		EndReloadAssembly (758ms)
			LoadAssemblies (85ms)
			RebuildTransferFunctionScriptingTraits (0ms)
			SetupTypeCache (209ms)
				TypeCache.Initialize (200ms)
					TypeCache.ScanAssembly (195ms)
				ResolveRequiredComponents (8ms)
			ReleaseScriptCaches (2ms)
			RebuildScriptCaches (33ms)
			SetupLoadedEditorAssemblies (371ms)
				LogAssemblyErrors (0ms)
				InitializePlatformSupportModulesInManaged (12ms)
				SetLoadedEditorAssemblies (5ms)
				RefreshPlugins (1ms)
				BeforeProcessingInitializeOnLoad (72ms)
				ProcessInitializeOnLoadAttributes (203ms)
				ProcessInitializeOnLoadMethodAttributes (68ms)
				AfterProcessingInitializeOnLoad (9ms)
				EditorAssembliesLoaded (0ms)
			ExecutionOrderSort2 (0ms)
			AwakeInstancesAfterBackupRestoration (13ms)
Platform modules already initialized, skipping
Refreshing native plugins compatible for Editor in 2.95 ms, found 3 plugins.
Preloading 0 native plugins for Editor in 0.00 ms.
Unloading 5084 Unused Serialized files (Serialized files now loaded: 0)
Unloading 26 unused Assets / (380.6 KB). Loaded Objects now: 5798.
Memory consumption went from 0.79 GB to 0.79 GB.
Total: 3.612400 ms (FindLiveObjects: 0.298900 ms CreateObjectMapping: 0.208400 ms MarkObjects: 3.033600 ms  DeleteObjects: 0.070600 ms)

AssetImportParameters requested are different than current active one (requested -> active):
  custom:video-decoder-ogg-theora: a1e56fd34408186e4bbccfd4996cb3dc -> 
  custom:container-muxer-webm: aa71ff27fc2769a1b78a27578f13a17b -> 
  custom:container-demuxer-webm: 4f35f7cbe854078d1ac9338744f61a02 -> 
  custom:video-encoder-webm-vp8: eb34c28f22e8b96e1ab97ce403110664 -> 
  custom:audio-encoder-webm-vorbis: bf7c407c2cedff20999df2af8eb42d56 -> 
  custom:framework-win-MediaFoundation: 216162199b28c13a410421893ffa2e32 -> 
  custom:container-demuxer-ogg: 62fdf1f143b41e24485cea50d1cbac27 -> 
  custom:video-decoder-webm-vp8: 9c59270c3fd7afecdb556c50c9e8de78 -> 
  custom:audio-decoder-ogg-vorbis: bf7c407c2cedff20999df2af8eb42d56 -> 
========================================================================
Received Prepare
Registering precompiled user dll's ...
Registered in 0.007156 seconds.
Begin MonoManager ReloadAssembly
Symbol file LoadedFromMemory doesn't match image C:\Users\Antop\Documents\GitHub\planington\SimpleWings-master\Library\PackageCache\com.unity.visualscripting@1.7.8\Editor\VisualScripting.Core\Dependencies\YamlDotNet\Unity.VisualScripting.YamlDotNet.dll
Symbol file LoadedFromMemory doesn't match image C:\Users\Antop\Documents\GitHub\planington\SimpleWings-master\Library\PackageCache\com.unity.visualscripting@1.7.8\Editor\VisualScripting.Core\Dependencies\DotNetZip\Unity.VisualScripting.IonicZip.dll
Native extension for UWP target not found
Native extension for WindowsStandalone target not found
Refreshing native plugins compatible for Editor in 1.05 ms, found 3 plugins.
Preloading 0 native plugins for Editor in 0.00 ms.
Mono: successfully reloaded assembly
- Completed reload, in  1.099 seconds
Domain Reload Profiling:
	ReloadAssembly (1100ms)
		BeginReloadAssembly (120ms)
			ExecutionOrderSort (0ms)
			DisableScriptedObjects (4ms)
			BackupInstance (0ms)
			ReleaseScriptingObjects (0ms)
			CreateAndSetChildDomain (35ms)
		EndReloadAssembly (883ms)
			LoadAssemblies (85ms)
			RebuildTransferFunctionScriptingTraits (0ms)
			SetupTypeCache (242ms)
				TypeCache.Initialize (232ms)
					TypeCache.ScanAssembly (226ms)
				ResolveRequiredComponents (10ms)
			ReleaseScriptCaches (2ms)
			RebuildScriptCaches (41ms)
			SetupLoadedEditorAssemblies (432ms)
				LogAssemblyErrors (0ms)
				InitializePlatformSupportModulesInManaged (14ms)
				SetLoadedEditorAssemblies (6ms)
				RefreshPlugins (1ms)
				BeforeProcessingInitializeOnLoad (87ms)
				ProcessInitializeOnLoadAttributes (236ms)
				ProcessInitializeOnLoadMethodAttributes (78ms)
				AfterProcessingInitializeOnLoad (11ms)
				EditorAssembliesLoaded (0ms)
			ExecutionOrderSort2 (0ms)
			AwakeInstancesAfterBackupRestoration (16ms)
Platform modules already initialized, skipping
Refreshing native plugins compatible for Editor in 2.93 ms, found 3 plugins.
Preloading 0 native plugins for Editor in 0.00 ms.
Unloading 5084 Unused Serialized files (Serialized files now loaded: 0)
Unloading 26 unused Assets / (380.6 KB). Loaded Objects now: 5802.
Memory consumption went from 0.79 GB to 0.79 GB.
Total: 3.794600 ms (FindLiveObjects: 0.299700 ms CreateObjectMapping: 0.242500 ms MarkObjects: 3.180600 ms  DeleteObjects: 0.071100 ms)

AssetImportParameters requested are different than current active one (requested -> active):
  custom:video-decoder-ogg-theora: a1e56fd34408186e4bbccfd4996cb3dc -> 
  custom:container-muxer-webm: aa71ff27fc2769a1b78a27578f13a17b -> 
  custom:container-demuxer-webm: 4f35f7cbe854078d1ac9338744f61a02 -> 
  custom:video-encoder-webm-vp8: eb34c28f22e8b96e1ab97ce403110664 -> 
  custom:audio-encoder-webm-vorbis: bf7c407c2cedff20999df2af8eb42d56 -> 
  custom:framework-win-MediaFoundation: 216162199b28c13a410421893ffa2e32 -> 
  custom:container-demuxer-ogg: 62fdf1f143b41e24485cea50d1cbac27 -> 
  custom:video-decoder-webm-vp8: 9c59270c3fd7afecdb556c50c9e8de78 -> 
  custom:audio-decoder-ogg-vorbis: bf7c407c2cedff20999df2af8eb42d56 -> 
========================================================================
Received Import Request.
  Time since last request: 299.419336 seconds.
  path: Assets/New Scene
  artifactKey: Guid(37f71653d058a9c438c4bc16cbf9d44e) Importer(815301076,1909f56bfc062723c751e8b465ee728b)
Start importing Assets/New Scene using Guid(37f71653d058a9c438c4bc16cbf9d44e) Importer(815301076,1909f56bfc062723c751e8b465ee728b)  -> (artifact id: '6266bff664fa501eb2918e02d55128eb') in 0.014068 seconds 
========================================================================
Received Import Request.
  Time since last request: 0.038231 seconds.
  path: Assets/New Scene/LightingData.asset
  artifactKey: Guid(9bf8a15291694d945b0196e6904b1cd8) Importer(815301076,1909f56bfc062723c751e8b465ee728b)
Start importing Assets/New Scene/LightingData.asset using Guid(9bf8a15291694d945b0196e6904b1cd8) Importer(815301076,1909f56bfc062723c751e8b465ee728b)  -> (artifact id: '5d44b9fb4092cadfd7356025f39248fb') in 0.011809 seconds 
========================================================================
Received Import Request.
  Time since last request: 0.000022 seconds.
  path: Assets/New Scene/Lightmap-1_comp_dir.png
  artifactKey: Guid(c6c818f8d38eead40ac77de1ffca78e3) Importer(815301076,1909f56bfc062723c751e8b465ee728b)
Start importing Assets/New Scene/Lightmap-1_comp_dir.png using Guid(c6c818f8d38eead40ac77de1ffca78e3) Importer(815301076,1909f56bfc062723c751e8b465ee728b)  -> (artifact id: '43cf8f23342c3dca929e77a85c9a296f') in 0.031557 seconds 
========================================================================
Received Import Request.
  Time since last request: 0.000027 seconds.
  path: Assets/New Scene/Lightmap-5_comp_light.exr
  artifactKey: Guid(4041b74de3bfb3a4bb87f2b199d88865) Importer(815301076,1909f56bfc062723c751e8b465ee728b)
Start importing Assets/New Scene/Lightmap-5_comp_light.exr using Guid(4041b74de3bfb3a4bb87f2b199d88865) Importer(815301076,1909f56bfc062723c751e8b465ee728b)  -> (artifact id: '972f661f9b2d67802ae3d1830f4f7939') in 0.013261 seconds 
========================================================================
Received Import Request.
  Time since last request: 0.000033 seconds.
  path: Assets/New Scene/Lightmap-15_comp_light.exr
  artifactKey: Guid(3537f1e65b5346f41bade3cdfd950f1e) Importer(815301076,1909f56bfc062723c751e8b465ee728b)
Start importing Assets/New Scene/Lightmap-15_comp_light.exr using Guid(3537f1e65b5346f41bade3cdfd950f1e) Importer(815301076,1909f56bfc062723c751e8b465ee728b)  -> (artifact id: '5c529075ea8bf21c8ba8314c0d76d303') in 0.012250 seconds 
========================================================================
Received Import Request.
  Time since last request: 0.000029 seconds.
  path: Assets/New Scene/Lightmap-11_comp_dir.png
  artifactKey: Guid(3c2357481048607438b1ed8784b90a93) Importer(815301076,1909f56bfc062723c751e8b465ee728b)
Start importing Assets/New Scene/Lightmap-11_comp_dir.png using Guid(3c2357481048607438b1ed8784b90a93) Importer(815301076,1909f56bfc062723c751e8b465ee728b)  -> (artifact id: 'afedce29929942cfe9ae3c34f992d06e') in 0.014281 seconds 
========================================================================
Received Import Request.
  Time since last request: 0.000015 seconds.
  path: Assets/New Scene/Lightmap-7_comp_light.exr
  artifactKey: Guid(cf25445a8952a8d42bd6b445da99b3c9) Importer(815301076,1909f56bfc062723c751e8b465ee728b)
Start importing Assets/New Scene/Lightmap-7_comp_light.exr using Guid(cf25445a8952a8d42bd6b445da99b3c9) Importer(815301076,1909f56bfc062723c751e8b465ee728b)  -> (artifact id: '808d278ac507a43749e5f7533a0cbd75') in 0.011838 seconds 
========================================================================
Received Import Request.
  Time since last request: 0.000021 seconds.
  path: Assets/New Scene/Lightmap-7_comp_dir.png
  artifactKey: Guid(3df8b43ac2d52e540aa75ee01a3e71c9) Importer(815301076,1909f56bfc062723c751e8b465ee728b)
Start importing Assets/New Scene/Lightmap-7_comp_dir.png using Guid(3df8b43ac2d52e540aa75ee01a3e71c9) Importer(815301076,1909f56bfc062723c751e8b465ee728b)  -> (artifact id: '4504d340693003087e3b49258db26a08') in 0.012336 seconds 
========================================================================
Received Import Request.
  Time since last request: 0.000021 seconds.
  path: Assets/New Scene/Lightmap-25_comp_dir.png
  artifactKey: Guid(cf3fd5878cdd2a54b8fa0a87afe65e3b) Importer(815301076,1909f56bfc062723c751e8b465ee728b)
Start importing Assets/New Scene/Lightmap-25_comp_dir.png using Guid(cf3fd5878cdd2a54b8fa0a87afe65e3b) Importer(815301076,1909f56bfc062723c751e8b465ee728b)  -> (artifact id: '9753b34679c66836a155ee72c6c2e1dc') in 0.011792 seconds 
========================================================================
Received Import Request.
  Time since last request: 0.000023 seconds.
  path: Assets/New Scene/Lightmap-12_comp_dir.png
  artifactKey: Guid(7b3af419c3149104f9ac9a309ca43cbb) Importer(815301076,1909f56bfc062723c751e8b465ee728b)
Start importing Assets/New Scene/Lightmap-12_comp_dir.png using Guid(7b3af419c3149104f9ac9a309ca43cbb) Importer(815301076,1909f56bfc062723c751e8b465ee728b)  -> (artifact id: 'a008f6a04546b949126e21cd50488455') in 0.012146 seconds 
========================================================================
Received Import Request.
  Time since last request: 0.000015 seconds.
  path: Assets/New Scene/Lightmap-23_comp_dir.png
  artifactKey: Guid(cdd60e27e4db31a4a9cd97f832801af8) Importer(815301076,1909f56bfc062723c751e8b465ee728b)
Start importing Assets/New Scene/Lightmap-23_comp_dir.png using Guid(cdd60e27e4db31a4a9cd97f832801af8) Importer(815301076,1909f56bfc062723c751e8b465ee728b)  -> (artifact id: '500b30650b64e65ddb11b329c9b0d215') in 0.012293 seconds 
========================================================================
Received Import Request.
  Time since last request: 0.000017 seconds.
  path: Assets/New Scene/Lightmap-12_comp_light.exr
  artifactKey: Guid(d7952f1bf930fef4cb0960ddee0d1f16) Importer(815301076,1909f56bfc062723c751e8b465ee728b)
Start importing Assets/New Scene/Lightmap-12_comp_light.exr using Guid(d7952f1bf930fef4cb0960ddee0d1f16) Importer(815301076,1909f56bfc062723c751e8b465ee728b)  -> (artifact id: 'f8f31ceb6ad6be0288390ddc0a533a47') in 0.012368 seconds 
========================================================================
Received Import Request.
  Time since last request: 0.000015 seconds.
  path: Assets/New Scene/Lightmap-21_comp_dir.png
  artifactKey: Guid(d91c9d91012eca44d8b9e1665c693c34) Importer(815301076,1909f56bfc062723c751e8b465ee728b)
Start importing Assets/New Scene/Lightmap-21_comp_dir.png using Guid(d91c9d91012eca44d8b9e1665c693c34) Importer(815301076,1909f56bfc062723c751e8b465ee728b)  -> (artifact id: '7bec31507a1dc8a9f8c643b61eece4e8') in 0.011683 seconds 
========================================================================
Received Import Request.
  Time since last request: 0.000020 seconds.
  path: Assets/New Scene/Lightmap-0_comp_light.exr
  artifactKey: Guid(8a489bb31503bfe4ab957d9dc304f0bd) Importer(815301076,1909f56bfc062723c751e8b465ee728b)
Start importing Assets/New Scene/Lightmap-0_comp_light.exr using Guid(8a489bb31503bfe4ab957d9dc304f0bd) Importer(815301076,1909f56bfc062723c751e8b465ee728b)  -> (artifact id: 'e1dd77f33aa2a5b733a06f12b204bedf') in 0.011801 seconds 
========================================================================
Received Import Request.
  Time since last request: 0.000021 seconds.
  path: Assets/New Scene/Lightmap-5_comp_dir.png
  artifactKey: Guid(af045b13e4e8e294d80c94e74847a096) Importer(815301076,1909f56bfc062723c751e8b465ee728b)
Start importing Assets/New Scene/Lightmap-5_comp_dir.png using Guid(af045b13e4e8e294d80c94e74847a096) Importer(815301076,1909f56bfc062723c751e8b465ee728b)  -> (artifact id: '15945d4c4f1cce5a590b148551ca0513') in 0.012151 seconds 
========================================================================
Received Import Request.
  Time since last request: 0.000015 seconds.
  path: Assets/New Scene/Lightmap-13_comp_dir.png
  artifactKey: Guid(1012aec3cd44eeb43844683a46b67d6f) Importer(815301076,1909f56bfc062723c751e8b465ee728b)
Start importing Assets/New Scene/Lightmap-13_comp_dir.png using Guid(1012aec3cd44eeb43844683a46b67d6f) Importer(815301076,1909f56bfc062723c751e8b465ee728b)  -> (artifact id: 'b786e16262466bcb99466e7a85dbfc80') in 0.013989 seconds 
========================================================================
Received Import Request.
  Time since last request: 0.000022 seconds.
  path: Assets/New Scene/Lightmap-6_comp_dir.png
  artifactKey: Guid(d7b65917e3d39e84f91f2196444e4a80) Importer(815301076,1909f56bfc062723c751e8b465ee728b)
Start importing Assets/New Scene/Lightmap-6_comp_dir.png using Guid(d7b65917e3d39e84f91f2196444e4a80) Importer(815301076,1909f56bfc062723c751e8b465ee728b)  -> (artifact id: 'd6e17c15f79bdc473ffeea220a19c225') in 0.012597 seconds 
========================================================================
Received Import Request.
  Time since last request: 0.000032 seconds.
  path: Assets/New Scene/Lightmap-16_comp_dir.png
  artifactKey: Guid(a4831358841130b47b6695c45788e254) Importer(815301076,1909f56bfc062723c751e8b465ee728b)
Start importing Assets/New Scene/Lightmap-16_comp_dir.png using Guid(a4831358841130b47b6695c45788e254) Importer(815301076,1909f56bfc062723c751e8b465ee728b)  -> (artifact id: '47e91ab542691cdc7575b579336a173f') in 0.012908 seconds 
========================================================================
Received Import Request.
  Time since last request: 0.000022 seconds.
  path: Assets/New Scene/Lightmap-18_comp_light.exr
  artifactKey: Guid(135a9934a345a364c967a67d00be74ac) Importer(815301076,1909f56bfc062723c751e8b465ee728b)
Start importing Assets/New Scene/Lightmap-18_comp_light.exr using Guid(135a9934a345a364c967a67d00be74ac) Importer(815301076,1909f56bfc062723c751e8b465ee728b)  -> (artifact id: '1899212c711b76030746bb1da2c41903') in 0.012890 seconds 
========================================================================
Received Import Request.
  Time since last request: 0.000017 seconds.
  path: Assets/New Scene/Lightmap-19_comp_dir.png
  artifactKey: Guid(6ca675bd332612f43ad9713b875acca9) Importer(815301076,1909f56bfc062723c751e8b465ee728b)
Start importing Assets/New Scene/Lightmap-19_comp_dir.png using Guid(6ca675bd332612f43ad9713b875acca9) Importer(815301076,1909f56bfc062723c751e8b465ee728b)  -> (artifact id: '00096d7c802b5938d914901895ed6e92') in 0.012278 seconds 
========================================================================
Received Import Request.
  Time since last request: 0.000028 seconds.
  path: Assets/New Scene/Lightmap-22_comp_dir.png
  artifactKey: Guid(1307723ed33cf0242814e07167970dea) Importer(815301076,1909f56bfc062723c751e8b465ee728b)
Start importing Assets/New Scene/Lightmap-22_comp_dir.png using Guid(1307723ed33cf0242814e07167970dea) Importer(815301076,1909f56bfc062723c751e8b465ee728b)  -> (artifact id: '89dda76877e90932cefbd2b4f74d47d1') in 0.014377 seconds 
========================================================================
Received Import Request.
  Time since last request: 0.000016 seconds.
  path: Assets/New Scene/Lightmap-10_comp_light.exr
  artifactKey: Guid(a05da17271fcf70488a599f0609505c8) Importer(815301076,1909f56bfc062723c751e8b465ee728b)
Start importing Assets/New Scene/Lightmap-10_comp_light.exr using Guid(a05da17271fcf70488a599f0609505c8) Importer(815301076,1909f56bfc062723c751e8b465ee728b)  -> (artifact id: '188b8ded29af0b98b727de6fa1f5c502') in 0.012854 seconds 
========================================================================
Received Import Request.
  Time since last request: 0.000017 seconds.
  path: Assets/New Scene/Lightmap-2_comp_dir.png
  artifactKey: Guid(b3dc0866d79200741aa76069a7f71321) Importer(815301076,1909f56bfc062723c751e8b465ee728b)
Start importing Assets/New Scene/Lightmap-2_comp_dir.png using Guid(b3dc0866d79200741aa76069a7f71321) Importer(815301076,1909f56bfc062723c751e8b465ee728b)  -> (artifact id: '4e2392e43910951329a2ca7c53991250') in 0.013040 seconds 
========================================================================
Received Import Request.
  Time since last request: 0.000019 seconds.
  path: Assets/New Scene/Lightmap-24_comp_dir.png
  artifactKey: Guid(b9593a1bd12ead64286f51501e6ab7ae) Importer(815301076,1909f56bfc062723c751e8b465ee728b)
Start importing Assets/New Scene/Lightmap-24_comp_dir.png using Guid(b9593a1bd12ead64286f51501e6ab7ae) Importer(815301076,1909f56bfc062723c751e8b465ee728b)  -> (artifact id: 'affe84528e840d4bf4877236bb737548') in 0.012905 seconds 
========================================================================
Received Import Request.
  Time since last request: 0.000019 seconds.
  path: Assets/New Scene/Lightmap-14_comp_dir.png
  artifactKey: Guid(2f3bd1e63baa0074aa3981630ce4059b) Importer(815301076,1909f56bfc062723c751e8b465ee728b)
Start importing Assets/New Scene/Lightmap-14_comp_dir.png using Guid(2f3bd1e63baa0074aa3981630ce4059b) Importer(815301076,1909f56bfc062723c751e8b465ee728b)  -> (artifact id: 'bf7ed525bfaa32f8a8cd1d3d95f222cc') in 0.013320 seconds 
========================================================================
Received Import Request.
  Time since last request: 0.000019 seconds.
  path: Assets/New Scene/Lightmap-20_comp_light.exr
  artifactKey: Guid(30e1ece966bab244aa7e271c4d6c05ae) Importer(815301076,1909f56bfc062723c751e8b465ee728b)
Start importing Assets/New Scene/Lightmap-20_comp_light.exr using Guid(30e1ece966bab244aa7e271c4d6c05ae) Importer(815301076,1909f56bfc062723c751e8b465ee728b)  -> (artifact id: 'c9f90b51eb8a9a959e986a6c99068fb1') in 0.012514 seconds 
========================================================================
Received Import Request.
  Time since last request: 0.000025 seconds.
  path: Assets/New Scene/Lightmap-8_comp_light.exr
  artifactKey: Guid(13b301953569a5d439ab54dba5b47b47) Importer(815301076,1909f56bfc062723c751e8b465ee728b)
Start importing Assets/New Scene/Lightmap-8_comp_light.exr using Guid(13b301953569a5d439ab54dba5b47b47) Importer(815301076,1909f56bfc062723c751e8b465ee728b)  -> (artifact id: '4b63078e6c73b9317804c58e36651f4f') in 0.012344 seconds 
========================================================================
Received Import Request.
  Time since last request: 0.000016 seconds.
  path: Assets/New Scene/Lightmap-19_comp_light.exr
  artifactKey: Guid(c697c90426c2b4d43a4bb02daeb8ce77) Importer(815301076,1909f56bfc062723c751e8b465ee728b)
Start importing Assets/New Scene/Lightmap-19_comp_light.exr using Guid(c697c90426c2b4d43a4bb02daeb8ce77) Importer(815301076,1909f56bfc062723c751e8b465ee728b)  -> (artifact id: 'a99c4806093d71ac962a77d1060d6a4f') in 0.012934 seconds 
========================================================================
Received Import Request.
  Time since last request: 1.070458 seconds.
  path: Assets/MODELS/LowPolyPlane01.FBX
  artifactKey: Guid(887236ec7ea550042b2d270916a0ea89) Importer(815301076,1909f56bfc062723c751e8b465ee728b)
Start importing Assets/MODELS/LowPolyPlane01.FBX using Guid(887236ec7ea550042b2d270916a0ea89) Importer(815301076,1909f56bfc062723c751e8b465ee728b)  -> (artifact id: 'f7a3eab5c9695ac076ec5f0a35de2330') in 0.328032 seconds 
========================================================================
Received Import Request.
  Time since last request: 1.004652 seconds.
  path: Assets/Materials/Dark_green.svg.mat
  artifactKey: Guid(6cb247bc6f0ccb04d9fc8ffa2abe7c86) Importer(815301076,1909f56bfc062723c751e8b465ee728b)
Start importing Assets/Materials/Dark_green.svg.mat using Guid(6cb247bc6f0ccb04d9fc8ffa2abe7c86) Importer(815301076,1909f56bfc062723c751e8b465ee728b)  -> (artifact id: '520da541707101654c34251dd7337a67') in 0.017185 seconds 
========================================================================
Received Import Request.
  Time since last request: 0.000019 seconds.
  path: Assets/Materials/whitefradient.mat
  artifactKey: Guid(0bf6085424172d74a9c17bd2e8595f7a) Importer(815301076,1909f56bfc062723c751e8b465ee728b)
Start importing Assets/Materials/whitefradient.mat using Guid(0bf6085424172d74a9c17bd2e8595f7a) Importer(815301076,1909f56bfc062723c751e8b465ee728b)  -> (artifact id: '0e38468854cdb644d7f47d66823075b1') in 0.039406 seconds 
========================================================================
Received Import Request.
  Time since last request: 0.000038 seconds.
  path: Assets/Materials/Xfmzqwf.mat
  artifactKey: Guid(1fd039d301a33154b8b90c5b7018631a) Importer(815301076,1909f56bfc062723c751e8b465ee728b)
Start importing Assets/Materials/Xfmzqwf.mat using Guid(1fd039d301a33154b8b90c5b7018631a) Importer(815301076,1909f56bfc062723c751e8b465ee728b)  -> (artifact id: 'b5f066a4dae514d6a57c4894e7227197') in 0.012996 seconds 
========================================================================
Received Prepare
Registering precompiled user dll's ...
Registered in 0.007684 seconds.
Begin MonoManager ReloadAssembly
Symbol file LoadedFromMemory doesn't match image C:\Users\Antop\Documents\GitHub\planington\SimpleWings-master\Library\PackageCache\com.unity.visualscripting@1.7.8\Editor\VisualScripting.Core\Dependencies\YamlDotNet\Unity.VisualScripting.YamlDotNet.dll
Symbol file LoadedFromMemory doesn't match image C:\Users\Antop\Documents\GitHub\planington\SimpleWings-master\Library\PackageCache\com.unity.visualscripting@1.7.8\Editor\VisualScripting.Core\Dependencies\DotNetZip\Unity.VisualScripting.IonicZip.dll
Native extension for UWP target not found
Native extension for WindowsStandalone target not found
Refreshing native plugins compatible for Editor in 1.41 ms, found 3 plugins.
Preloading 0 native plugins for Editor in 0.00 ms.
Mono: successfully reloaded assembly
- Completed reload, in  1.121 seconds
Domain Reload Profiling:
	ReloadAssembly (1122ms)
		BeginReloadAssembly (135ms)
			ExecutionOrderSort (0ms)
			DisableScriptedObjects (7ms)
			BackupInstance (0ms)
			ReleaseScriptingObjects (0ms)
			CreateAndSetChildDomain (41ms)
		EndReloadAssembly (894ms)
			LoadAssemblies (85ms)
			RebuildTransferFunctionScriptingTraits (0ms)
			SetupTypeCache (242ms)
				TypeCache.Initialize (231ms)
					TypeCache.ScanAssembly (225ms)
				ResolveRequiredComponents (11ms)
			ReleaseScriptCaches (2ms)
			RebuildScriptCaches (45ms)
			SetupLoadedEditorAssemblies (439ms)
				LogAssemblyErrors (0ms)
				InitializePlatformSupportModulesInManaged (15ms)
				SetLoadedEditorAssemblies (6ms)
				RefreshPlugins (1ms)
				BeforeProcessingInitializeOnLoad (86ms)
				ProcessInitializeOnLoadAttributes (240ms)
				ProcessInitializeOnLoadMethodAttributes (81ms)
				AfterProcessingInitializeOnLoad (10ms)
				EditorAssembliesLoaded (0ms)
			ExecutionOrderSort2 (0ms)
			AwakeInstancesAfterBackupRestoration (15ms)
Platform modules already initialized, skipping
Refreshing native plugins compatible for Editor in 2.54 ms, found 3 plugins.
Preloading 0 native plugins for Editor in 0.00 ms.
Unloading 5084 Unused Serialized files (Serialized files now loaded: 0)
Unloading 26 unused Assets / (380.5 KB). Loaded Objects now: 5848.
Memory consumption went from 0.79 GB to 0.79 GB.
Total: 3.630600 ms (FindLiveObjects: 0.344100 ms CreateObjectMapping: 0.252600 ms MarkObjects: 2.907400 ms  DeleteObjects: 0.125800 ms)

AssetImportParameters requested are different than current active one (requested -> active):
  custom:video-decoder-ogg-theora: a1e56fd34408186e4bbccfd4996cb3dc -> 
  custom:container-muxer-webm: aa71ff27fc2769a1b78a27578f13a17b -> 
  custom:container-demuxer-webm: 4f35f7cbe854078d1ac9338744f61a02 -> 
  custom:video-encoder-webm-vp8: eb34c28f22e8b96e1ab97ce403110664 -> 
  custom:audio-encoder-webm-vorbis: bf7c407c2cedff20999df2af8eb42d56 -> 
  custom:framework-win-MediaFoundation: 216162199b28c13a410421893ffa2e32 -> 
  custom:container-demuxer-ogg: 62fdf1f143b41e24485cea50d1cbac27 -> 
  custom:video-decoder-webm-vp8: 9c59270c3fd7afecdb556c50c9e8de78 -> 
  custom:audio-decoder-ogg-vorbis: bf7c407c2cedff20999df2af8eb42d56 -> 
Editor requested this worker to shutdown with reason: Scaling down because of idle timeout
AssetImportWorker is now disconnected from the server
Process exiting
Exiting without the bug reporter. Application will terminate with return code 0