Using pre-set license
Built from '2022.1/staging' branch; Version is '2022.1.16f1 (7321c9670bc2) revision 7545289'; Using compiler version '192829333'; Build Type 'Release'
OS: 'Windows 10  (10.0.19045) 64bit Core' Language: 'en' Physical Memory: 16288 MB
BatchMode: 1, IsHumanControllingUs: 0, StartBugReporterOnCrash: 0, Is64bit: 1, IsPro: 1

COMMAND LINE ARGUMENTS:
C:\Program Files\Unity\Hub\Editor\2022.1.16f1\Editor\Unity.exe
-adb2
-batchMode
-noUpm
-name
AssetImportWorker3
-projectPath
C:/Users/Antop/Documents/GitHub/planington/SimpleWings-master
-logFile
Logs/AssetImportWorker3.log
-srvPort
51957
Successfully changed project path to: C:/Users/Antop/Documents/GitHub/planington/SimpleWings-master
C:/Users/Antop/Documents/GitHub/planington/SimpleWings-master
[UnityMemory] Configuration Parameters - Can be set up in boot.config
    "memorysetup-bucket-allocator-granularity=16"
    "memorysetup-bucket-allocator-bucket-count=8"
    "memorysetup-bucket-allocator-block-size=33554432"
    "memorysetup-bucket-allocator-block-count=8"
    "memorysetup-main-allocator-block-size=16777216"
    "memorysetup-thread-allocator-block-size=16777216"
    "memorysetup-gfx-main-allocator-block-size=16777216"
    "memorysetup-gfx-thread-allocator-block-size=16777216"
    "memorysetup-cache-allocator-block-size=4194304"
    "memorysetup-typetree-allocator-block-size=2097152"
    "memorysetup-profiler-bucket-allocator-granularity=16"
    "memorysetup-profiler-bucket-allocator-bucket-count=8"
    "memorysetup-profiler-bucket-allocator-block-size=33554432"
    "memorysetup-profiler-bucket-allocator-block-count=8"
    "memorysetup-profiler-allocator-block-size=16777216"
    "memorysetup-profiler-editor-allocator-block-size=1048576"
    "memorysetup-temp-allocator-size-main=16777216"
    "memorysetup-job-temp-allocator-block-size=2097152"
    "memorysetup-job-temp-allocator-block-size-background=1048576"
    "memorysetup-job-temp-allocator-reduction-small-platforms=262144"
    "memorysetup-temp-allocator-size-background-worker=32768"
    "memorysetup-temp-allocator-size-job-worker=262144"
    "memorysetup-temp-allocator-size-preload-manager=33554432"
    "memorysetup-temp-allocator-size-nav-mesh-worker=65536"
    "memorysetup-temp-allocator-size-audio-worker=65536"
    "memorysetup-temp-allocator-size-cloud-worker=32768"
    "memorysetup-temp-allocator-size-gi-baking-worker=262144"
    "memorysetup-temp-allocator-size-gfx=262144"
Refreshing native plugins compatible for Editor in 110.99 ms, found 3 plugins.
Preloading 0 native plugins for Editor in 0.00 ms.
Initialize engine version: 2022.1.16f1 (7321c9670bc2)
[Subsystems] Discovering subsystems at path C:/Program Files/Unity/Hub/Editor/2022.1.16f1/Editor/Data/Resources/UnitySubsystems
[Subsystems] Discovering subsystems at path C:/Users/Antop/Documents/GitHub/planington/SimpleWings-master/Assets
GfxDevice: creating device client; threaded=0; jobified=0
Direct3D:
    Version:  Direct3D 11.0 [level 11.1]
    Renderer: AMD Radeon RX 6600 XT (ID=0x73ff)
    Vendor:   ATI
    VRAM:     8147 MB
    Driver:   31.0.12029.7019
Initialize mono
Mono path[0] = 'C:/Program Files/Unity/Hub/Editor/2022.1.16f1/Editor/Data/Managed'
Mono path[1] = 'C:/Program Files/Unity/Hub/Editor/2022.1.16f1/Editor/Data/MonoBleedingEdge/lib/mono/unityjit-win32'
Mono config path = 'C:/Program Files/Unity/Hub/Editor/2022.1.16f1/Editor/Data/MonoBleedingEdge/etc'
Using monoOptions --debugger-agent=transport=dt_socket,embedding=1,server=y,suspend=n,address=127.0.0.1:56472
Begin MonoManager ReloadAssembly
Registering precompiled unity dll's ...
Register platform support module: C:/Program Files/Unity/Hub/Editor/2022.1.16f1/Editor/Data/PlaybackEngines/WindowsStandaloneSupport/UnityEditor.WindowsStandalone.Extensions.dll
Register platform support module: C:/Program Files/Unity/Hub/Editor/2022.1.16f1/Editor/Data/PlaybackEngines/MetroSupport/UnityEditor.UWP.Extensions.dll
Registered in 0.009876 seconds.
Native extension for UWP target not found
Native extension for WindowsStandalone target not found
Refreshing native plugins compatible for Editor in 104.34 ms, found 3 plugins.
Preloading 0 native plugins for Editor in 0.00 ms.
Mono: successfully reloaded assembly
- Completed reload, in  0.654 seconds
Domain Reload Profiling:
	ReloadAssembly (654ms)
		BeginReloadAssembly (73ms)
			ExecutionOrderSort (0ms)
			DisableScriptedObjects (0ms)
			BackupInstance (0ms)
			ReleaseScriptingObjects (0ms)
			CreateAndSetChildDomain (1ms)
		EndReloadAssembly (469ms)
			LoadAssemblies (70ms)
			RebuildTransferFunctionScriptingTraits (0ms)
			SetupTypeCache (105ms)
				TypeCache.Initialize (104ms)
					TypeCache.ScanAssembly (103ms)
				ResolveRequiredComponents (0ms)
			ReleaseScriptCaches (0ms)
			RebuildScriptCaches (25ms)
			SetupLoadedEditorAssemblies (283ms)
				LogAssemblyErrors (0ms)
				InitializePlatformSupportModulesInManaged (9ms)
				SetLoadedEditorAssemblies (6ms)
				RefreshPlugins (104ms)
				BeforeProcessingInitializeOnLoad (1ms)
				ProcessInitializeOnLoadAttributes (122ms)
				ProcessInitializeOnLoadMethodAttributes (39ms)
				AfterProcessingInitializeOnLoad (0ms)
				EditorAssembliesLoaded (0ms)
			ExecutionOrderSort2 (0ms)
			AwakeInstancesAfterBackupRestoration (0ms)
Platform modules already initialized, skipping
Registering precompiled user dll's ...
Registered in 0.009833 seconds.
Begin MonoManager ReloadAssembly
Symbol file LoadedFromMemory doesn't match image C:\Users\Antop\Documents\GitHub\planington\SimpleWings-master\Library\PackageCache\com.unity.visualscripting@1.7.8\Editor\VisualScripting.Core\Dependencies\YamlDotNet\Unity.VisualScripting.YamlDotNet.dll
Symbol file LoadedFromMemory doesn't match image C:\Users\Antop\Documents\GitHub\planington\SimpleWings-master\Library\PackageCache\com.unity.visualscripting@1.7.8\Editor\VisualScripting.Core\Dependencies\DotNetZip\Unity.VisualScripting.IonicZip.dll
Native extension for UWP target not found
Native extension for WindowsStandalone target not found
Refreshing native plugins compatible for Editor in 104.71 ms, found 3 plugins.
Preloading 0 native plugins for Editor in 0.00 ms.
Mono: successfully reloaded assembly
- Completed reload, in  1.238 seconds
Domain Reload Profiling:
	ReloadAssembly (1238ms)
		BeginReloadAssembly (118ms)
			ExecutionOrderSort (0ms)
			DisableScriptedObjects (6ms)
			BackupInstance (0ms)
			ReleaseScriptingObjects (0ms)
			CreateAndSetChildDomain (23ms)
		EndReloadAssembly (1008ms)
			LoadAssemblies (99ms)
			RebuildTransferFunctionScriptingTraits (0ms)
			SetupTypeCache (251ms)
				TypeCache.Initialize (238ms)
					TypeCache.ScanAssembly (233ms)
				ResolveRequiredComponents (12ms)
			ReleaseScriptCaches (1ms)
			RebuildScriptCaches (54ms)
			SetupLoadedEditorAssemblies (554ms)
				LogAssemblyErrors (0ms)
				InitializePlatformSupportModulesInManaged (5ms)
				SetLoadedEditorAssemblies (7ms)
				RefreshPlugins (105ms)
				BeforeProcessingInitializeOnLoad (109ms)
				ProcessInitializeOnLoadAttributes (244ms)
				ProcessInitializeOnLoadMethodAttributes (74ms)
				AfterProcessingInitializeOnLoad (9ms)
				EditorAssembliesLoaded (0ms)
			ExecutionOrderSort2 (0ms)
			AwakeInstancesAfterBackupRestoration (6ms)
Platform modules already initialized, skipping
========================================================================
Worker process is ready to serve import requests
Launched and connected shader compiler UnityShaderCompiler.exe after 0.04 seconds
Refreshing native plugins compatible for Editor in 1.62 ms, found 3 plugins.
Preloading 0 native plugins for Editor in 0.00 ms.
Unloading 5220 Unused Serialized files (Serialized files now loaded: 0)
Unloading 33 unused Assets / (420.4 KB). Loaded Objects now: 5677.
Memory consumption went from 0.81 GB to 0.81 GB.
Total: 12.225600 ms (FindLiveObjects: 1.160700 ms CreateObjectMapping: 0.676800 ms MarkObjects: 10.066100 ms  DeleteObjects: 0.321000 ms)

AssetImportParameters requested are different than current active one (requested -> active):
  custom:video-decoder-ogg-theora: a1e56fd34408186e4bbccfd4996cb3dc -> 
  custom:container-muxer-webm: aa71ff27fc2769a1b78a27578f13a17b -> 
  custom:container-demuxer-webm: 4f35f7cbe854078d1ac9338744f61a02 -> 
  custom:video-encoder-webm-vp8: eb34c28f22e8b96e1ab97ce403110664 -> 
  custom:audio-encoder-webm-vorbis: bf7c407c2cedff20999df2af8eb42d56 -> 
  custom:framework-win-MediaFoundation: 216162199b28c13a410421893ffa2e32 -> 
  custom:container-demuxer-ogg: 62fdf1f143b41e24485cea50d1cbac27 -> 
  custom:video-decoder-webm-vp8: 9c59270c3fd7afecdb556c50c9e8de78 -> 
  custom:audio-decoder-ogg-vorbis: bf7c407c2cedff20999df2af8eb42d56 -> 
========================================================================
Received Import Request.
  Time since last request: 3547.259426 seconds.
  path: Assets/ring.prefab
  artifactKey: Guid(032871aacecfab747a6d54ea9ce5c5f8) Importer(815301076,1909f56bfc062723c751e8b465ee728b)
Start importing Assets/ring.prefab using Guid(032871aacecfab747a6d54ea9ce5c5f8) Importer(815301076,1909f56bfc062723c751e8b465ee728b)  -> (artifact id: 'fa75cecf11beaf6bb4f95d0b28948023') in 0.299584 seconds 
========================================================================
Received Import Request.
  Time since last request: 0.000026 seconds.
  path: Assets/white.mat
  artifactKey: Guid(e5ea36b513c672a40b1dad8f17174673) Importer(815301076,1909f56bfc062723c751e8b465ee728b)
Start importing Assets/white.mat using Guid(e5ea36b513c672a40b1dad8f17174673) Importer(815301076,1909f56bfc062723c751e8b465ee728b)  -> (artifact id: 'fdb6c0de4f1cd78aa0cd4fb032396a39') in 0.055136 seconds 
========================================================================
Received Import Request.
  Time since last request: 0.000026 seconds.
  path: Assets/Xfmzqwf.png
  artifactKey: Guid(1c1c72c28f0b72c4ba1f43bedae0bed3) Importer(815301076,1909f56bfc062723c751e8b465ee728b)
Start importing Assets/Xfmzqwf.png using Guid(1c1c72c28f0b72c4ba1f43bedae0bed3) Importer(815301076,1909f56bfc062723c751e8b465ee728b)  -> (artifact id: 'c3ffe5db65d93edeb1b71af0e7eeb11f') in 0.044406 seconds 
========================================================================
Received Import Request.
  Time since last request: 0.000019 seconds.
  path: Assets/humbercraft140's song %233.mp3
  artifactKey: Guid(9539588218f146749bdc28a743880320) Importer(815301076,1909f56bfc062723c751e8b465ee728b)
Start importing Assets/humbercraft140's song %233.mp3 using Guid(9539588218f146749bdc28a743880320) Importer(815301076,1909f56bfc062723c751e8b465ee728b)  -> (artifact id: 'fa8156958fad5bf22e5c20c047d5e9b2') in 0.044229 seconds 
========================================================================
Received Import Request.
  Time since last request: 0.000042 seconds.
  path: Assets/Fir_Tree 1.prefab
  artifactKey: Guid(39bb12b11ac3220488c0b4b07f38c510) Importer(815301076,1909f56bfc062723c751e8b465ee728b)
Start importing Assets/Fir_Tree 1.prefab using Guid(39bb12b11ac3220488c0b4b07f38c510) Importer(815301076,1909f56bfc062723c751e8b465ee728b)  -> (artifact id: '5a499880b1e6935567d336318449006c') in 0.042466 seconds 
========================================================================
Received Import Request.
  Time since last request: 0.000027 seconds.
  path: Assets/New Universal Render Pipeline Asset.asset
  artifactKey: Guid(2751552da14f1d743a6738425c201dfc) Importer(815301076,1909f56bfc062723c751e8b465ee728b)
Start importing Assets/New Universal Render Pipeline Asset.asset using Guid(2751552da14f1d743a6738425c201dfc) Importer(815301076,1909f56bfc062723c751e8b465ee728b)  -> (artifact id: '0e1e6eaa5b692c8dcb44115c1e2c3941') in 0.007411 seconds 
========================================================================
Received Import Request.
  Time since last request: 8.158529 seconds.
  path: Assets/menu/ReflectionProbe-0.exr
  artifactKey: Guid(f87e35d88c660bb4caa79f626481e84c) Importer(815301076,1909f56bfc062723c751e8b465ee728b)
Start importing Assets/menu/ReflectionProbe-0.exr using Guid(f87e35d88c660bb4caa79f626481e84c) Importer(815301076,1909f56bfc062723c751e8b465ee728b)  -> (artifact id: '46ca54881570d0ae1131bc9f5b3fb781') in 0.035930 seconds 
========================================================================
Received Prepare
Registering precompiled user dll's ...
Registered in 0.007833 seconds.
Begin MonoManager ReloadAssembly
Symbol file LoadedFromMemory doesn't match image C:\Users\Antop\Documents\GitHub\planington\SimpleWings-master\Library\PackageCache\com.unity.visualscripting@1.7.8\Editor\VisualScripting.Core\Dependencies\YamlDotNet\Unity.VisualScripting.YamlDotNet.dll
Symbol file LoadedFromMemory doesn't match image C:\Users\Antop\Documents\GitHub\planington\SimpleWings-master\Library\PackageCache\com.unity.visualscripting@1.7.8\Editor\VisualScripting.Core\Dependencies\DotNetZip\Unity.VisualScripting.IonicZip.dll
Native extension for UWP target not found
Native extension for WindowsStandalone target not found
Refreshing native plugins compatible for Editor in 1.63 ms, found 3 plugins.
Preloading 0 native plugins for Editor in 0.00 ms.
Mono: successfully reloaded assembly
- Completed reload, in  1.201 seconds
Domain Reload Profiling:
	ReloadAssembly (1201ms)
		BeginReloadAssembly (153ms)
			ExecutionOrderSort (0ms)
			DisableScriptedObjects (7ms)
			BackupInstance (0ms)
			ReleaseScriptingObjects (0ms)
			CreateAndSetChildDomain (50ms)
		EndReloadAssembly (941ms)
			LoadAssemblies (96ms)
			RebuildTransferFunctionScriptingTraits (0ms)
			SetupTypeCache (257ms)
				TypeCache.Initialize (243ms)
					TypeCache.ScanAssembly (238ms)
				ResolveRequiredComponents (13ms)
			ReleaseScriptCaches (2ms)
			RebuildScriptCaches (49ms)
			SetupLoadedEditorAssemblies (460ms)
				LogAssemblyErrors (0ms)
				InitializePlatformSupportModulesInManaged (18ms)
				SetLoadedEditorAssemblies (8ms)
				RefreshPlugins (2ms)
				BeforeProcessingInitializeOnLoad (89ms)
				ProcessInitializeOnLoadAttributes (251ms)
				ProcessInitializeOnLoadMethodAttributes (82ms)
				AfterProcessingInitializeOnLoad (11ms)
				EditorAssembliesLoaded (0ms)
			ExecutionOrderSort2 (0ms)
			AwakeInstancesAfterBackupRestoration (15ms)
Platform modules already initialized, skipping
Refreshing native plugins compatible for Editor in 3.13 ms, found 3 plugins.
Preloading 0 native plugins for Editor in 0.00 ms.
Unloading 5084 Unused Serialized files (Serialized files now loaded: 0)
Unloading 28 unused Assets / (381.3 KB). Loaded Objects now: 5770.
Memory consumption went from 0.79 GB to 0.79 GB.
Total: 3.733300 ms (FindLiveObjects: 0.321900 ms CreateObjectMapping: 0.245000 ms MarkObjects: 2.739200 ms  DeleteObjects: 0.426100 ms)

AssetImportParameters requested are different than current active one (requested -> active):
  custom:video-decoder-ogg-theora: a1e56fd34408186e4bbccfd4996cb3dc -> 
  custom:container-muxer-webm: aa71ff27fc2769a1b78a27578f13a17b -> 
  custom:container-demuxer-webm: 4f35f7cbe854078d1ac9338744f61a02 -> 
  custom:video-encoder-webm-vp8: eb34c28f22e8b96e1ab97ce403110664 -> 
  custom:audio-encoder-webm-vorbis: bf7c407c2cedff20999df2af8eb42d56 -> 
  custom:framework-win-MediaFoundation: 216162199b28c13a410421893ffa2e32 -> 
  custom:container-demuxer-ogg: 62fdf1f143b41e24485cea50d1cbac27 -> 
  custom:video-decoder-webm-vp8: 9c59270c3fd7afecdb556c50c9e8de78 -> 
  custom:audio-decoder-ogg-vorbis: bf7c407c2cedff20999df2af8eb42d56 -> 
========================================================================
Received Prepare
Registering precompiled user dll's ...
Registered in 0.007604 seconds.
Begin MonoManager ReloadAssembly
Symbol file LoadedFromMemory doesn't match image C:\Users\Antop\Documents\GitHub\planington\SimpleWings-master\Library\PackageCache\com.unity.visualscripting@1.7.8\Editor\VisualScripting.Core\Dependencies\YamlDotNet\Unity.VisualScripting.YamlDotNet.dll
Symbol file LoadedFromMemory doesn't match image C:\Users\Antop\Documents\GitHub\planington\SimpleWings-master\Library\PackageCache\com.unity.visualscripting@1.7.8\Editor\VisualScripting.Core\Dependencies\DotNetZip\Unity.VisualScripting.IonicZip.dll
Native extension for UWP target not found
Native extension for WindowsStandalone target not found
Refreshing native plugins compatible for Editor in 1.09 ms, found 3 plugins.
Preloading 0 native plugins for Editor in 0.00 ms.
Mono: successfully reloaded assembly
- Completed reload, in  1.097 seconds
Domain Reload Profiling:
	ReloadAssembly (1098ms)
		BeginReloadAssembly (121ms)
			ExecutionOrderSort (0ms)
			DisableScriptedObjects (4ms)
			BackupInstance (0ms)
			ReleaseScriptingObjects (0ms)
			CreateAndSetChildDomain (36ms)
		EndReloadAssembly (885ms)
			LoadAssemblies (79ms)
			RebuildTransferFunctionScriptingTraits (0ms)
			SetupTypeCache (240ms)
				TypeCache.Initialize (230ms)
					TypeCache.ScanAssembly (224ms)
				ResolveRequiredComponents (10ms)
			ReleaseScriptCaches (2ms)
			RebuildScriptCaches (44ms)
			SetupLoadedEditorAssemblies (439ms)
				LogAssemblyErrors (0ms)
				InitializePlatformSupportModulesInManaged (15ms)
				SetLoadedEditorAssemblies (6ms)
				RefreshPlugins (1ms)
				BeforeProcessingInitializeOnLoad (89ms)
				ProcessInitializeOnLoadAttributes (238ms)
				ProcessInitializeOnLoadMethodAttributes (80ms)
				AfterProcessingInitializeOnLoad (10ms)
				EditorAssembliesLoaded (0ms)
			ExecutionOrderSort2 (0ms)
			AwakeInstancesAfterBackupRestoration (15ms)
Platform modules already initialized, skipping
Refreshing native plugins compatible for Editor in 2.24 ms, found 3 plugins.
Preloading 0 native plugins for Editor in 0.00 ms.
Unloading 5083 Unused Serialized files (Serialized files now loaded: 0)
Unloading 26 unused Assets / (380.5 KB). Loaded Objects now: 5774.
Memory consumption went from 0.79 GB to 0.79 GB.
Total: 3.238100 ms (FindLiveObjects: 0.306600 ms CreateObjectMapping: 0.214000 ms MarkObjects: 2.651500 ms  DeleteObjects: 0.065400 ms)

AssetImportParameters requested are different than current active one (requested -> active):
  custom:video-decoder-ogg-theora: a1e56fd34408186e4bbccfd4996cb3dc -> 
  custom:container-muxer-webm: aa71ff27fc2769a1b78a27578f13a17b -> 
  custom:container-demuxer-webm: 4f35f7cbe854078d1ac9338744f61a02 -> 
  custom:video-encoder-webm-vp8: eb34c28f22e8b96e1ab97ce403110664 -> 
  custom:audio-encoder-webm-vorbis: bf7c407c2cedff20999df2af8eb42d56 -> 
  custom:framework-win-MediaFoundation: 216162199b28c13a410421893ffa2e32 -> 
  custom:container-demuxer-ogg: 62fdf1f143b41e24485cea50d1cbac27 -> 
  custom:video-decoder-webm-vp8: 9c59270c3fd7afecdb556c50c9e8de78 -> 
  custom:audio-decoder-ogg-vorbis: bf7c407c2cedff20999df2af8eb42d56 -> 
========================================================================
Received Prepare
Registering precompiled user dll's ...
Registered in 0.008752 seconds.
Begin MonoManager ReloadAssembly
Symbol file LoadedFromMemory doesn't match image C:\Users\Antop\Documents\GitHub\planington\SimpleWings-master\Library\PackageCache\com.unity.visualscripting@1.7.8\Editor\VisualScripting.Core\Dependencies\YamlDotNet\Unity.VisualScripting.YamlDotNet.dll
Symbol file LoadedFromMemory doesn't match image C:\Users\Antop\Documents\GitHub\planington\SimpleWings-master\Library\PackageCache\com.unity.visualscripting@1.7.8\Editor\VisualScripting.Core\Dependencies\DotNetZip\Unity.VisualScripting.IonicZip.dll
Native extension for UWP target not found
Native extension for WindowsStandalone target not found
Refreshing native plugins compatible for Editor in 1.32 ms, found 3 plugins.
Preloading 0 native plugins for Editor in 0.00 ms.
Mono: successfully reloaded assembly
- Completed reload, in  1.077 seconds
Domain Reload Profiling:
	ReloadAssembly (1077ms)
		BeginReloadAssembly (121ms)
			ExecutionOrderSort (0ms)
			DisableScriptedObjects (4ms)
			BackupInstance (0ms)
			ReleaseScriptingObjects (0ms)
			CreateAndSetChildDomain (36ms)
		EndReloadAssembly (867ms)
			LoadAssemblies (77ms)
			RebuildTransferFunctionScriptingTraits (0ms)
			SetupTypeCache (231ms)
				TypeCache.Initialize (220ms)
					TypeCache.ScanAssembly (215ms)
				ResolveRequiredComponents (12ms)
			ReleaseScriptCaches (2ms)
			RebuildScriptCaches (44ms)
			SetupLoadedEditorAssemblies (436ms)
				LogAssemblyErrors (0ms)
				InitializePlatformSupportModulesInManaged (13ms)
				SetLoadedEditorAssemblies (7ms)
				RefreshPlugins (1ms)
				BeforeProcessingInitializeOnLoad (87ms)
				ProcessInitializeOnLoadAttributes (238ms)
				ProcessInitializeOnLoadMethodAttributes (80ms)
				AfterProcessingInitializeOnLoad (10ms)
				EditorAssembliesLoaded (0ms)
			ExecutionOrderSort2 (0ms)
			AwakeInstancesAfterBackupRestoration (13ms)
Platform modules already initialized, skipping
Refreshing native plugins compatible for Editor in 2.50 ms, found 3 plugins.
Preloading 0 native plugins for Editor in 0.00 ms.
Unloading 5083 Unused Serialized files (Serialized files now loaded: 0)
Unloading 26 unused Assets / (380.6 KB). Loaded Objects now: 5778.
Memory consumption went from 0.79 GB to 0.79 GB.
Total: 3.347400 ms (FindLiveObjects: 0.280600 ms CreateObjectMapping: 0.246700 ms MarkObjects: 2.734500 ms  DeleteObjects: 0.084800 ms)

AssetImportParameters requested are different than current active one (requested -> active):
  custom:video-decoder-ogg-theora: a1e56fd34408186e4bbccfd4996cb3dc -> 
  custom:container-muxer-webm: aa71ff27fc2769a1b78a27578f13a17b -> 
  custom:container-demuxer-webm: 4f35f7cbe854078d1ac9338744f61a02 -> 
  custom:video-encoder-webm-vp8: eb34c28f22e8b96e1ab97ce403110664 -> 
  custom:audio-encoder-webm-vorbis: bf7c407c2cedff20999df2af8eb42d56 -> 
  custom:framework-win-MediaFoundation: 216162199b28c13a410421893ffa2e32 -> 
  custom:container-demuxer-ogg: 62fdf1f143b41e24485cea50d1cbac27 -> 
  custom:video-decoder-webm-vp8: 9c59270c3fd7afecdb556c50c9e8de78 -> 
  custom:audio-decoder-ogg-vorbis: bf7c407c2cedff20999df2af8eb42d56 -> 
========================================================================
Received Prepare
Registering precompiled user dll's ...
Registered in 0.007965 seconds.
Begin MonoManager ReloadAssembly
Symbol file LoadedFromMemory doesn't match image C:\Users\Antop\Documents\GitHub\planington\SimpleWings-master\Library\PackageCache\com.unity.visualscripting@1.7.8\Editor\VisualScripting.Core\Dependencies\YamlDotNet\Unity.VisualScripting.YamlDotNet.dll
Symbol file LoadedFromMemory doesn't match image C:\Users\Antop\Documents\GitHub\planington\SimpleWings-master\Library\PackageCache\com.unity.visualscripting@1.7.8\Editor\VisualScripting.Core\Dependencies\DotNetZip\Unity.VisualScripting.IonicZip.dll
Native extension for UWP target not found
Native extension for WindowsStandalone target not found
Refreshing native plugins compatible for Editor in 1.42 ms, found 3 plugins.
Preloading 0 native plugins for Editor in 0.00 ms.
Mono: successfully reloaded assembly
- Completed reload, in  1.060 seconds
Domain Reload Profiling:
	ReloadAssembly (1060ms)
		BeginReloadAssembly (118ms)
			ExecutionOrderSort (0ms)
			DisableScriptedObjects (4ms)
			BackupInstance (0ms)
			ReleaseScriptingObjects (0ms)
			CreateAndSetChildDomain (35ms)
		EndReloadAssembly (858ms)
			LoadAssemblies (77ms)
			RebuildTransferFunctionScriptingTraits (0ms)
			SetupTypeCache (231ms)
				TypeCache.Initialize (221ms)
					TypeCache.ScanAssembly (215ms)
				ResolveRequiredComponents (10ms)
			ReleaseScriptCaches (2ms)
			RebuildScriptCaches (42ms)
			SetupLoadedEditorAssemblies (428ms)
				LogAssemblyErrors (0ms)
				InitializePlatformSupportModulesInManaged (13ms)
				SetLoadedEditorAssemblies (6ms)
				RefreshPlugins (1ms)
				BeforeProcessingInitializeOnLoad (85ms)
				ProcessInitializeOnLoadAttributes (237ms)
				ProcessInitializeOnLoadMethodAttributes (76ms)
				AfterProcessingInitializeOnLoad (10ms)
				EditorAssembliesLoaded (0ms)
			ExecutionOrderSort2 (0ms)
			AwakeInstancesAfterBackupRestoration (15ms)
Platform modules already initialized, skipping
Refreshing native plugins compatible for Editor in 2.57 ms, found 3 plugins.
Preloading 0 native plugins for Editor in 0.00 ms.
Unloading 5083 Unused Serialized files (Serialized files now loaded: 0)
Unloading 26 unused Assets / (380.6 KB). Loaded Objects now: 5782.
Memory consumption went from 0.79 GB to 0.79 GB.
Total: 3.325000 ms (FindLiveObjects: 0.308300 ms CreateObjectMapping: 0.291600 ms MarkObjects: 2.633200 ms  DeleteObjects: 0.091100 ms)

AssetImportParameters requested are different than current active one (requested -> active):
  custom:video-decoder-ogg-theora: a1e56fd34408186e4bbccfd4996cb3dc -> 
  custom:container-muxer-webm: aa71ff27fc2769a1b78a27578f13a17b -> 
  custom:container-demuxer-webm: 4f35f7cbe854078d1ac9338744f61a02 -> 
  custom:video-encoder-webm-vp8: eb34c28f22e8b96e1ab97ce403110664 -> 
  custom:audio-encoder-webm-vorbis: bf7c407c2cedff20999df2af8eb42d56 -> 
  custom:framework-win-MediaFoundation: 216162199b28c13a410421893ffa2e32 -> 
  custom:container-demuxer-ogg: 62fdf1f143b41e24485cea50d1cbac27 -> 
  custom:video-decoder-webm-vp8: 9c59270c3fd7afecdb556c50c9e8de78 -> 
  custom:audio-decoder-ogg-vorbis: bf7c407c2cedff20999df2af8eb42d56 -> 
========================================================================
Received Prepare
Registering precompiled user dll's ...
Registered in 0.007984 seconds.
Begin MonoManager ReloadAssembly
Symbol file LoadedFromMemory doesn't match image C:\Users\Antop\Documents\GitHub\planington\SimpleWings-master\Library\PackageCache\com.unity.visualscripting@1.7.8\Editor\VisualScripting.Core\Dependencies\YamlDotNet\Unity.VisualScripting.YamlDotNet.dll
Symbol file LoadedFromMemory doesn't match image C:\Users\Antop\Documents\GitHub\planington\SimpleWings-master\Library\PackageCache\com.unity.visualscripting@1.7.8\Editor\VisualScripting.Core\Dependencies\DotNetZip\Unity.VisualScripting.IonicZip.dll
Native extension for UWP target not found
Native extension for WindowsStandalone target not found
Refreshing native plugins compatible for Editor in 1.16 ms, found 3 plugins.
Preloading 0 native plugins for Editor in 0.00 ms.
Mono: successfully reloaded assembly
- Completed reload, in  1.088 seconds
Domain Reload Profiling:
	ReloadAssembly (1088ms)
		BeginReloadAssembly (121ms)
			ExecutionOrderSort (0ms)
			DisableScriptedObjects (4ms)
			BackupInstance (0ms)
			ReleaseScriptingObjects (0ms)
			CreateAndSetChildDomain (36ms)
		EndReloadAssembly (876ms)
			LoadAssemblies (78ms)
			RebuildTransferFunctionScriptingTraits (0ms)
			SetupTypeCache (242ms)
				TypeCache.Initialize (232ms)
					TypeCache.ScanAssembly (226ms)
				ResolveRequiredComponents (11ms)
			ReleaseScriptCaches (2ms)
			RebuildScriptCaches (43ms)
			SetupLoadedEditorAssemblies (434ms)
				LogAssemblyErrors (0ms)
				InitializePlatformSupportModulesInManaged (14ms)
				SetLoadedEditorAssemblies (6ms)
				RefreshPlugins (1ms)
				BeforeProcessingInitializeOnLoad (86ms)
				ProcessInitializeOnLoadAttributes (237ms)
				ProcessInitializeOnLoadMethodAttributes (79ms)
				AfterProcessingInitializeOnLoad (9ms)
				EditorAssembliesLoaded (0ms)
			ExecutionOrderSort2 (0ms)
			AwakeInstancesAfterBackupRestoration (15ms)
Platform modules already initialized, skipping
Refreshing native plugins compatible for Editor in 2.79 ms, found 3 plugins.
Preloading 0 native plugins for Editor in 0.00 ms.
Unloading 5083 Unused Serialized files (Serialized files now loaded: 0)
Unloading 26 unused Assets / (380.6 KB). Loaded Objects now: 5786.
Memory consumption went from 0.79 GB to 0.79 GB.
Total: 3.064300 ms (FindLiveObjects: 0.300700 ms CreateObjectMapping: 0.206100 ms MarkObjects: 2.486800 ms  DeleteObjects: 0.069900 ms)

AssetImportParameters requested are different than current active one (requested -> active):
  custom:video-decoder-ogg-theora: a1e56fd34408186e4bbccfd4996cb3dc -> 
  custom:container-muxer-webm: aa71ff27fc2769a1b78a27578f13a17b -> 
  custom:container-demuxer-webm: 4f35f7cbe854078d1ac9338744f61a02 -> 
  custom:video-encoder-webm-vp8: eb34c28f22e8b96e1ab97ce403110664 -> 
  custom:audio-encoder-webm-vorbis: bf7c407c2cedff20999df2af8eb42d56 -> 
  custom:framework-win-MediaFoundation: 216162199b28c13a410421893ffa2e32 -> 
  custom:container-demuxer-ogg: 62fdf1f143b41e24485cea50d1cbac27 -> 
  custom:video-decoder-webm-vp8: 9c59270c3fd7afecdb556c50c9e8de78 -> 
  custom:audio-decoder-ogg-vorbis: bf7c407c2cedff20999df2af8eb42d56 -> 
========================================================================
Received Prepare
Registering precompiled user dll's ...
Registered in 0.008187 seconds.
Begin MonoManager ReloadAssembly
Symbol file LoadedFromMemory doesn't match image C:\Users\Antop\Documents\GitHub\planington\SimpleWings-master\Library\PackageCache\com.unity.visualscripting@1.7.8\Editor\VisualScripting.Core\Dependencies\YamlDotNet\Unity.VisualScripting.YamlDotNet.dll
Symbol file LoadedFromMemory doesn't match image C:\Users\Antop\Documents\GitHub\planington\SimpleWings-master\Library\PackageCache\com.unity.visualscripting@1.7.8\Editor\VisualScripting.Core\Dependencies\DotNetZip\Unity.VisualScripting.IonicZip.dll
Native extension for UWP target not found
Native extension for WindowsStandalone target not found
Refreshing native plugins compatible for Editor in 1.00 ms, found 3 plugins.
Preloading 0 native plugins for Editor in 0.00 ms.
Mono: successfully reloaded assembly
- Completed reload, in  0.991 seconds
Domain Reload Profiling:
	ReloadAssembly (992ms)
		BeginReloadAssembly (132ms)
			ExecutionOrderSort (0ms)
			DisableScriptedObjects (4ms)
			BackupInstance (0ms)
			ReleaseScriptingObjects (0ms)
			CreateAndSetChildDomain (41ms)
		EndReloadAssembly (767ms)
			LoadAssemblies (86ms)
			RebuildTransferFunctionScriptingTraits (0ms)
			SetupTypeCache (203ms)
				TypeCache.Initialize (193ms)
					TypeCache.ScanAssembly (188ms)
				ResolveRequiredComponents (10ms)
			ReleaseScriptCaches (1ms)
			RebuildScriptCaches (36ms)
			SetupLoadedEditorAssemblies (381ms)
				LogAssemblyErrors (0ms)
				InitializePlatformSupportModulesInManaged (13ms)
				SetLoadedEditorAssemblies (6ms)
				RefreshPlugins (1ms)
				BeforeProcessingInitializeOnLoad (76ms)
				ProcessInitializeOnLoadAttributes (206ms)
				ProcessInitializeOnLoadMethodAttributes (70ms)
				AfterProcessingInitializeOnLoad (9ms)
				EditorAssembliesLoaded (0ms)
			ExecutionOrderSort2 (0ms)
			AwakeInstancesAfterBackupRestoration (13ms)
Platform modules already initialized, skipping
Refreshing native plugins compatible for Editor in 2.21 ms, found 3 plugins.
Preloading 0 native plugins for Editor in 0.00 ms.
Unloading 5083 Unused Serialized files (Serialized files now loaded: 0)
Unloading 26 unused Assets / (380.6 KB). Loaded Objects now: 5790.
Memory consumption went from 0.79 GB to 0.79 GB.
Total: 3.029600 ms (FindLiveObjects: 0.279400 ms CreateObjectMapping: 0.183300 ms MarkObjects: 2.503200 ms  DeleteObjects: 0.062800 ms)

AssetImportParameters requested are different than current active one (requested -> active):
  custom:video-decoder-ogg-theora: a1e56fd34408186e4bbccfd4996cb3dc -> 
  custom:container-muxer-webm: aa71ff27fc2769a1b78a27578f13a17b -> 
  custom:container-demuxer-webm: 4f35f7cbe854078d1ac9338744f61a02 -> 
  custom:video-encoder-webm-vp8: eb34c28f22e8b96e1ab97ce403110664 -> 
  custom:audio-encoder-webm-vorbis: bf7c407c2cedff20999df2af8eb42d56 -> 
  custom:framework-win-MediaFoundation: 216162199b28c13a410421893ffa2e32 -> 
  custom:container-demuxer-ogg: 62fdf1f143b41e24485cea50d1cbac27 -> 
  custom:video-decoder-webm-vp8: 9c59270c3fd7afecdb556c50c9e8de78 -> 
  custom:audio-decoder-ogg-vorbis: bf7c407c2cedff20999df2af8eb42d56 -> 
========================================================================
Received Prepare
Registering precompiled user dll's ...
Registered in 0.007791 seconds.
Begin MonoManager ReloadAssembly
Symbol file LoadedFromMemory doesn't match image C:\Users\Antop\Documents\GitHub\planington\SimpleWings-master\Library\PackageCache\com.unity.visualscripting@1.7.8\Editor\VisualScripting.Core\Dependencies\YamlDotNet\Unity.VisualScripting.YamlDotNet.dll
Symbol file LoadedFromMemory doesn't match image C:\Users\Antop\Documents\GitHub\planington\SimpleWings-master\Library\PackageCache\com.unity.visualscripting@1.7.8\Editor\VisualScripting.Core\Dependencies\DotNetZip\Unity.VisualScripting.IonicZip.dll
Native extension for UWP target not found
Native extension for WindowsStandalone target not found
Refreshing native plugins compatible for Editor in 0.89 ms, found 3 plugins.
Preloading 0 native plugins for Editor in 0.00 ms.
Mono: successfully reloaded assembly
- Completed reload, in  0.975 seconds
Domain Reload Profiling:
	ReloadAssembly (976ms)
		BeginReloadAssembly (125ms)
			ExecutionOrderSort (0ms)
			DisableScriptedObjects (5ms)
			BackupInstance (0ms)
			ReleaseScriptingObjects (0ms)
			CreateAndSetChildDomain (36ms)
		EndReloadAssembly (756ms)
			LoadAssemblies (84ms)
			RebuildTransferFunctionScriptingTraits (0ms)
			SetupTypeCache (209ms)
				TypeCache.Initialize (200ms)
					TypeCache.ScanAssembly (195ms)
				ResolveRequiredComponents (9ms)
			ReleaseScriptCaches (1ms)
			RebuildScriptCaches (34ms)
			SetupLoadedEditorAssemblies (368ms)
				LogAssemblyErrors (0ms)
				InitializePlatformSupportModulesInManaged (12ms)
				SetLoadedEditorAssemblies (5ms)
				RefreshPlugins (1ms)
				BeforeProcessingInitializeOnLoad (71ms)
				ProcessInitializeOnLoadAttributes (202ms)
				ProcessInitializeOnLoadMethodAttributes (68ms)
				AfterProcessingInitializeOnLoad (10ms)
				EditorAssembliesLoaded (0ms)
			ExecutionOrderSort2 (0ms)
			AwakeInstancesAfterBackupRestoration (12ms)
Platform modules already initialized, skipping
Refreshing native plugins compatible for Editor in 1.98 ms, found 3 plugins.
Preloading 0 native plugins for Editor in 0.00 ms.
Unloading 5084 Unused Serialized files (Serialized files now loaded: 0)
Unloading 26 unused Assets / (380.6 KB). Loaded Objects now: 5795.
Memory consumption went from 0.79 GB to 0.79 GB.
Total: 3.080900 ms (FindLiveObjects: 0.306500 ms CreateObjectMapping: 0.257300 ms MarkObjects: 2.450300 ms  DeleteObjects: 0.065900 ms)

AssetImportParameters requested are different than current active one (requested -> active):
  custom:video-decoder-ogg-theora: a1e56fd34408186e4bbccfd4996cb3dc -> 
  custom:container-muxer-webm: aa71ff27fc2769a1b78a27578f13a17b -> 
  custom:container-demuxer-webm: 4f35f7cbe854078d1ac9338744f61a02 -> 
  custom:video-encoder-webm-vp8: eb34c28f22e8b96e1ab97ce403110664 -> 
  custom:audio-encoder-webm-vorbis: bf7c407c2cedff20999df2af8eb42d56 -> 
  custom:framework-win-MediaFoundation: 216162199b28c13a410421893ffa2e32 -> 
  custom:container-demuxer-ogg: 62fdf1f143b41e24485cea50d1cbac27 -> 
  custom:video-decoder-webm-vp8: 9c59270c3fd7afecdb556c50c9e8de78 -> 
  custom:audio-decoder-ogg-vorbis: bf7c407c2cedff20999df2af8eb42d56 -> 
========================================================================
Received Prepare
Registering precompiled user dll's ...
Registered in 0.007381 seconds.
Begin MonoManager ReloadAssembly
Symbol file LoadedFromMemory doesn't match image C:\Users\Antop\Documents\GitHub\planington\SimpleWings-master\Library\PackageCache\com.unity.visualscripting@1.7.8\Editor\VisualScripting.Core\Dependencies\YamlDotNet\Unity.VisualScripting.YamlDotNet.dll
Symbol file LoadedFromMemory doesn't match image C:\Users\Antop\Documents\GitHub\planington\SimpleWings-master\Library\PackageCache\com.unity.visualscripting@1.7.8\Editor\VisualScripting.Core\Dependencies\DotNetZip\Unity.VisualScripting.IonicZip.dll
Native extension for UWP target not found
Native extension for WindowsStandalone target not found
Refreshing native plugins compatible for Editor in 1.01 ms, found 3 plugins.
Preloading 0 native plugins for Editor in 0.00 ms.
Mono: successfully reloaded assembly
- Completed reload, in  1.099 seconds
Domain Reload Profiling:
	ReloadAssembly (1100ms)
		BeginReloadAssembly (123ms)
			ExecutionOrderSort (0ms)
			DisableScriptedObjects (4ms)
			BackupInstance (0ms)
			ReleaseScriptingObjects (0ms)
			CreateAndSetChildDomain (33ms)
		EndReloadAssembly (880ms)
			LoadAssemblies (87ms)
			RebuildTransferFunctionScriptingTraits (0ms)
			SetupTypeCache (245ms)
				TypeCache.Initialize (235ms)
					TypeCache.ScanAssembly (229ms)
				ResolveRequiredComponents (10ms)
			ReleaseScriptCaches (2ms)
			RebuildScriptCaches (45ms)
			SetupLoadedEditorAssemblies (428ms)
				LogAssemblyErrors (0ms)
				InitializePlatformSupportModulesInManaged (13ms)
				SetLoadedEditorAssemblies (6ms)
				RefreshPlugins (1ms)
				BeforeProcessingInitializeOnLoad (88ms)
				ProcessInitializeOnLoadAttributes (233ms)
				ProcessInitializeOnLoadMethodAttributes (77ms)
				AfterProcessingInitializeOnLoad (10ms)
				EditorAssembliesLoaded (0ms)
			ExecutionOrderSort2 (0ms)
			AwakeInstancesAfterBackupRestoration (15ms)
Platform modules already initialized, skipping
Refreshing native plugins compatible for Editor in 2.65 ms, found 3 plugins.
Preloading 0 native plugins for Editor in 0.00 ms.
Unloading 5084 Unused Serialized files (Serialized files now loaded: 0)
Unloading 26 unused Assets / (380.7 KB). Loaded Objects now: 5799.
Memory consumption went from 0.79 GB to 0.79 GB.
Total: 3.427600 ms (FindLiveObjects: 0.384600 ms CreateObjectMapping: 0.276800 ms MarkObjects: 2.697500 ms  DeleteObjects: 0.068100 ms)

AssetImportParameters requested are different than current active one (requested -> active):
  custom:video-decoder-ogg-theora: a1e56fd34408186e4bbccfd4996cb3dc -> 
  custom:container-muxer-webm: aa71ff27fc2769a1b78a27578f13a17b -> 
  custom:container-demuxer-webm: 4f35f7cbe854078d1ac9338744f61a02 -> 
  custom:video-encoder-webm-vp8: eb34c28f22e8b96e1ab97ce403110664 -> 
  custom:audio-encoder-webm-vorbis: bf7c407c2cedff20999df2af8eb42d56 -> 
  custom:framework-win-MediaFoundation: 216162199b28c13a410421893ffa2e32 -> 
  custom:container-demuxer-ogg: 62fdf1f143b41e24485cea50d1cbac27 -> 
  custom:video-decoder-webm-vp8: 9c59270c3fd7afecdb556c50c9e8de78 -> 
  custom:audio-decoder-ogg-vorbis: bf7c407c2cedff20999df2af8eb42d56 -> 
========================================================================
Received Import Request.
  Time since last request: 673.406871 seconds.
  path: Assets/New Scene/Lightmap-0_comp_dir.png
  artifactKey: Guid(0a0f001193d26d945ad98ac92b2f3e43) Importer(815301076,1909f56bfc062723c751e8b465ee728b)
Start importing Assets/New Scene/Lightmap-0_comp_dir.png using Guid(0a0f001193d26d945ad98ac92b2f3e43) Importer(815301076,1909f56bfc062723c751e8b465ee728b)  -> (artifact id: 'ae4a421f9c5853e7ada534b9a25f4ec5') in 0.052557 seconds 
========================================================================
Received Import Request.
  Time since last request: 0.000026 seconds.
  path: Assets/New Scene/Lightmap-3_comp_dir.png
  artifactKey: Guid(a9d2344b00311f84aa079c650e8dde4e) Importer(815301076,1909f56bfc062723c751e8b465ee728b)
Start importing Assets/New Scene/Lightmap-3_comp_dir.png using Guid(a9d2344b00311f84aa079c650e8dde4e) Importer(815301076,1909f56bfc062723c751e8b465ee728b)  -> (artifact id: 'd46ba17e05e4662010f5683d48301143') in 0.011687 seconds 
========================================================================
Received Import Request.
  Time since last request: 0.000026 seconds.
  path: Assets/New Scene/Lightmap-23_comp_light.exr
  artifactKey: Guid(1fb56b725e0e92f45ac438d967d6ef9f) Importer(815301076,1909f56bfc062723c751e8b465ee728b)
Start importing Assets/New Scene/Lightmap-23_comp_light.exr using Guid(1fb56b725e0e92f45ac438d967d6ef9f) Importer(815301076,1909f56bfc062723c751e8b465ee728b)  -> (artifact id: 'e860e40b43220c234659866c803444a9') in 0.037692 seconds 
========================================================================
Received Import Request.
  Time since last request: 0.000014 seconds.
  path: Assets/New Scene/Lightmap-24_comp_light.exr
  artifactKey: Guid(9a5f52a9eef48eb4d8b61dcef70013e1) Importer(815301076,1909f56bfc062723c751e8b465ee728b)
Start importing Assets/New Scene/Lightmap-24_comp_light.exr using Guid(9a5f52a9eef48eb4d8b61dcef70013e1) Importer(815301076,1909f56bfc062723c751e8b465ee728b)  -> (artifact id: '225557cfa364401dbe9a8264129f7005') in 0.012112 seconds 
========================================================================
Received Import Request.
  Time since last request: 0.000014 seconds.
  path: Assets/New Scene/Lightmap-13_comp_light.exr
  artifactKey: Guid(3bb8121c4562450419880fa8aa80ec6f) Importer(815301076,1909f56bfc062723c751e8b465ee728b)
Start importing Assets/New Scene/Lightmap-13_comp_light.exr using Guid(3bb8121c4562450419880fa8aa80ec6f) Importer(815301076,1909f56bfc062723c751e8b465ee728b)  -> (artifact id: '4846dbcffbba8e707165d200d4eea375') in 0.011797 seconds 
========================================================================
Received Import Request.
  Time since last request: 0.000019 seconds.
  path: Assets/New Scene/Lightmap-22_comp_light.exr
  artifactKey: Guid(edda791debaf3184da176b301bc12931) Importer(815301076,1909f56bfc062723c751e8b465ee728b)
Start importing Assets/New Scene/Lightmap-22_comp_light.exr using Guid(edda791debaf3184da176b301bc12931) Importer(815301076,1909f56bfc062723c751e8b465ee728b)  -> (artifact id: '8892f651c56ab8092fc66897aaefa486') in 0.011628 seconds 
========================================================================
Received Import Request.
  Time since last request: 0.000022 seconds.
  path: Assets/New Scene/Lightmap-6_comp_light.exr
  artifactKey: Guid(4a0d7f2de8bfb254c91833b3549994fe) Importer(815301076,1909f56bfc062723c751e8b465ee728b)
Start importing Assets/New Scene/Lightmap-6_comp_light.exr using Guid(4a0d7f2de8bfb254c91833b3549994fe) Importer(815301076,1909f56bfc062723c751e8b465ee728b)  -> (artifact id: '9a1e78e27e969534b02f40e4cad1aeac') in 0.012809 seconds 
========================================================================
Received Import Request.
  Time since last request: 0.000016 seconds.
  path: Assets/New Scene/Lightmap-4_comp_light.exr
  artifactKey: Guid(dd5c6fb3c4493cf4387349352d9c29fb) Importer(815301076,1909f56bfc062723c751e8b465ee728b)
Start importing Assets/New Scene/Lightmap-4_comp_light.exr using Guid(dd5c6fb3c4493cf4387349352d9c29fb) Importer(815301076,1909f56bfc062723c751e8b465ee728b)  -> (artifact id: '95428fd0b016972ebce6b8d77aa228ac') in 0.011832 seconds 
========================================================================
Received Import Request.
  Time since last request: 0.000013 seconds.
  path: Assets/New Scene/Lightmap-17_comp_light.exr
  artifactKey: Guid(67c6d2d9478d3024ba587bd40c587687) Importer(815301076,1909f56bfc062723c751e8b465ee728b)
Start importing Assets/New Scene/Lightmap-17_comp_light.exr using Guid(67c6d2d9478d3024ba587bd40c587687) Importer(815301076,1909f56bfc062723c751e8b465ee728b)  -> (artifact id: '54131ab411c82c61f58440de9de3cf19') in 0.011526 seconds 
========================================================================
Received Import Request.
  Time since last request: 0.000016 seconds.
  path: Assets/New Scene/Lightmap-16_comp_light.exr
  artifactKey: Guid(fbb534b57784d4d49b5cf39dffb9b5ef) Importer(815301076,1909f56bfc062723c751e8b465ee728b)
Start importing Assets/New Scene/Lightmap-16_comp_light.exr using Guid(fbb534b57784d4d49b5cf39dffb9b5ef) Importer(815301076,1909f56bfc062723c751e8b465ee728b)  -> (artifact id: '39674127889a228c9efd9e298afb1c2a') in 0.012349 seconds 
========================================================================
Received Import Request.
  Time since last request: 0.000015 seconds.
  path: Assets/New Scene/Lightmap-9_comp_dir.png
  artifactKey: Guid(a5ee5cceb3f0de84698617371dff308a) Importer(815301076,1909f56bfc062723c751e8b465ee728b)
Start importing Assets/New Scene/Lightmap-9_comp_dir.png using Guid(a5ee5cceb3f0de84698617371dff308a) Importer(815301076,1909f56bfc062723c751e8b465ee728b)  -> (artifact id: 'ca3ef1676fecbc3dbdd91aee10425d8e') in 0.012331 seconds 
========================================================================
Received Import Request.
  Time since last request: 0.000016 seconds.
  path: Assets/New Scene/Lightmap-21_comp_light.exr
  artifactKey: Guid(7e433e7844e551a4abdcec5b0d2e242a) Importer(815301076,1909f56bfc062723c751e8b465ee728b)
Start importing Assets/New Scene/Lightmap-21_comp_light.exr using Guid(7e433e7844e551a4abdcec5b0d2e242a) Importer(815301076,1909f56bfc062723c751e8b465ee728b)  -> (artifact id: '634fb48b88453e6e7020985f8ce21f23') in 0.011970 seconds 
========================================================================
Received Import Request.
  Time since last request: 0.000017 seconds.
  path: Assets/New Scene/Lightmap-10_comp_dir.png
  artifactKey: Guid(f905e540128fa6342ba4e3fb1633582d) Importer(815301076,1909f56bfc062723c751e8b465ee728b)
Start importing Assets/New Scene/Lightmap-10_comp_dir.png using Guid(f905e540128fa6342ba4e3fb1633582d) Importer(815301076,1909f56bfc062723c751e8b465ee728b)  -> (artifact id: '45d26118cc848fece618326734e80f72') in 0.013222 seconds 
========================================================================
Received Import Request.
  Time since last request: 0.000024 seconds.
  path: Assets/New Scene/Lightmap-18_comp_dir.png
  artifactKey: Guid(4eae274503db8c749bb586cecad273ac) Importer(815301076,1909f56bfc062723c751e8b465ee728b)
Start importing Assets/New Scene/Lightmap-18_comp_dir.png using Guid(4eae274503db8c749bb586cecad273ac) Importer(815301076,1909f56bfc062723c751e8b465ee728b)  -> (artifact id: 'f9cde171c0f1f055484ba1cb1085b6f0') in 0.013074 seconds 
========================================================================
Received Import Request.
  Time since last request: 0.000035 seconds.
  path: Assets/New Scene/Lightmap-2_comp_light.exr
  artifactKey: Guid(4ff46748b96ea854c997e61587ae90a6) Importer(815301076,1909f56bfc062723c751e8b465ee728b)
Start importing Assets/New Scene/Lightmap-2_comp_light.exr using Guid(4ff46748b96ea854c997e61587ae90a6) Importer(815301076,1909f56bfc062723c751e8b465ee728b)  -> (artifact id: 'f094cd781c3abdd994c0198d04dc4db6') in 0.012558 seconds 
========================================================================
Received Import Request.
  Time since last request: 0.000018 seconds.
  path: Assets/New Scene/Lightmap-14_comp_light.exr
  artifactKey: Guid(327858155ec28c54cad2e353e141b22d) Importer(815301076,1909f56bfc062723c751e8b465ee728b)
Start importing Assets/New Scene/Lightmap-14_comp_light.exr using Guid(327858155ec28c54cad2e353e141b22d) Importer(815301076,1909f56bfc062723c751e8b465ee728b)  -> (artifact id: '1bfc04f4200e7a04486315e806322148') in 0.011292 seconds 
========================================================================
Received Import Request.
  Time since last request: 0.000030 seconds.
  path: Assets/New Scene/Lightmap-4_comp_dir.png
  artifactKey: Guid(11e917ecbc8d7bb4c998cce49e01bc9d) Importer(815301076,1909f56bfc062723c751e8b465ee728b)
Start importing Assets/New Scene/Lightmap-4_comp_dir.png using Guid(11e917ecbc8d7bb4c998cce49e01bc9d) Importer(815301076,1909f56bfc062723c751e8b465ee728b)  -> (artifact id: '28bf5e22e26cebe4ddb0b1c3a852fbf5') in 0.012521 seconds 
========================================================================
Received Import Request.
  Time since last request: 0.000023 seconds.
  path: Assets/New Scene/Lightmap-1_comp_light.exr
  artifactKey: Guid(c668c02f5f21d8146b8d10e902ef1c9b) Importer(815301076,1909f56bfc062723c751e8b465ee728b)
Start importing Assets/New Scene/Lightmap-1_comp_light.exr using Guid(c668c02f5f21d8146b8d10e902ef1c9b) Importer(815301076,1909f56bfc062723c751e8b465ee728b)  -> (artifact id: 'ab1535716f42bb981286b7641ab098b3') in 0.013847 seconds 
========================================================================
Received Import Request.
  Time since last request: 0.000021 seconds.
  path: Assets/New Scene/Lightmap-20_comp_dir.png
  artifactKey: Guid(b8ccd0b28b663a24ba7fad93c6e995dd) Importer(815301076,1909f56bfc062723c751e8b465ee728b)
Start importing Assets/New Scene/Lightmap-20_comp_dir.png using Guid(b8ccd0b28b663a24ba7fad93c6e995dd) Importer(815301076,1909f56bfc062723c751e8b465ee728b)  -> (artifact id: 'bfc1223c7e148f7fd73d5ce399848109') in 0.013141 seconds 
========================================================================
Received Import Request.
  Time since last request: 0.000024 seconds.
  path: Assets/New Scene/Lightmap-9_comp_light.exr
  artifactKey: Guid(8b793cbef4fe7254399e062c2f34e7a0) Importer(815301076,1909f56bfc062723c751e8b465ee728b)
Start importing Assets/New Scene/Lightmap-9_comp_light.exr using Guid(8b793cbef4fe7254399e062c2f34e7a0) Importer(815301076,1909f56bfc062723c751e8b465ee728b)  -> (artifact id: '25e50634e39b21e5056ee36802b1904a') in 0.013930 seconds 
========================================================================
Received Import Request.
  Time since last request: 0.000015 seconds.
  path: Assets/New Scene/Lightmap-11_comp_light.exr
  artifactKey: Guid(48f288b3c9845fc4ba0c9860a4b37c05) Importer(815301076,1909f56bfc062723c751e8b465ee728b)
Start importing Assets/New Scene/Lightmap-11_comp_light.exr using Guid(48f288b3c9845fc4ba0c9860a4b37c05) Importer(815301076,1909f56bfc062723c751e8b465ee728b)  -> (artifact id: '2f9e4ab79bc59f1b15f1764a07264912') in 0.012010 seconds 
========================================================================
Received Import Request.
  Time since last request: 0.000022 seconds.
  path: Assets/New Scene/Lightmap-8_comp_dir.png
  artifactKey: Guid(b99e1a1f7c237574aab68c2f4da9de33) Importer(815301076,1909f56bfc062723c751e8b465ee728b)
Start importing Assets/New Scene/Lightmap-8_comp_dir.png using Guid(b99e1a1f7c237574aab68c2f4da9de33) Importer(815301076,1909f56bfc062723c751e8b465ee728b)  -> (artifact id: 'ae5d6a4ed82a3306a9200a561cc54c57') in 0.012774 seconds 
========================================================================
Received Import Request.
  Time since last request: 0.000016 seconds.
  path: Assets/New Scene/Lightmap-3_comp_light.exr
  artifactKey: Guid(1b7d4474e8223b14b9de3c880b1c88d5) Importer(815301076,1909f56bfc062723c751e8b465ee728b)
Start importing Assets/New Scene/Lightmap-3_comp_light.exr using Guid(1b7d4474e8223b14b9de3c880b1c88d5) Importer(815301076,1909f56bfc062723c751e8b465ee728b)  -> (artifact id: '1329248b40e10a41aad556041436344c') in 0.013599 seconds 
========================================================================
Received Import Request.
  Time since last request: 0.000032 seconds.
  path: Assets/New Scene/Lightmap-15_comp_dir.png
  artifactKey: Guid(112654df012486845a2d93a435dd42c5) Importer(815301076,1909f56bfc062723c751e8b465ee728b)
Start importing Assets/New Scene/Lightmap-15_comp_dir.png using Guid(112654df012486845a2d93a435dd42c5) Importer(815301076,1909f56bfc062723c751e8b465ee728b)  -> (artifact id: 'b623b22fd9e6416151549aeb1adb78f4') in 0.011999 seconds 
========================================================================
Received Import Request.
  Time since last request: 0.000017 seconds.
  path: Assets/New Scene/Lightmap-17_comp_dir.png
  artifactKey: Guid(d0be6d916617f3148b1da58871b45b26) Importer(815301076,1909f56bfc062723c751e8b465ee728b)
Start importing Assets/New Scene/Lightmap-17_comp_dir.png using Guid(d0be6d916617f3148b1da58871b45b26) Importer(815301076,1909f56bfc062723c751e8b465ee728b)  -> (artifact id: 'ebef9d037ca232595cc7f61f8f435df8') in 0.013509 seconds 
========================================================================
Received Import Request.
  Time since last request: 2.411167 seconds.
  path: Assets/Materials/New Material.mat
  artifactKey: Guid(c9d6ebe48154f9647a62e554c222e4a3) Importer(815301076,1909f56bfc062723c751e8b465ee728b)
Start importing Assets/Materials/New Material.mat using Guid(c9d6ebe48154f9647a62e554c222e4a3) Importer(815301076,1909f56bfc062723c751e8b465ee728b)  -> (artifact id: '539ae1c6f866af949967e242bef3b64c') in 0.171421 seconds 
========================================================================
Received Prepare
Registering precompiled user dll's ...
Registered in 0.007676 seconds.
Begin MonoManager ReloadAssembly
Symbol file LoadedFromMemory doesn't match image C:\Users\Antop\Documents\GitHub\planington\SimpleWings-master\Library\PackageCache\com.unity.visualscripting@1.7.8\Editor\VisualScripting.Core\Dependencies\YamlDotNet\Unity.VisualScripting.YamlDotNet.dll
Symbol file LoadedFromMemory doesn't match image C:\Users\Antop\Documents\GitHub\planington\SimpleWings-master\Library\PackageCache\com.unity.visualscripting@1.7.8\Editor\VisualScripting.Core\Dependencies\DotNetZip\Unity.VisualScripting.IonicZip.dll
Native extension for UWP target not found
Native extension for WindowsStandalone target not found
Refreshing native plugins compatible for Editor in 1.58 ms, found 3 plugins.
Preloading 0 native plugins for Editor in 0.00 ms.
Mono: successfully reloaded assembly
- Completed reload, in  1.118 seconds
Domain Reload Profiling:
	ReloadAssembly (1119ms)
		BeginReloadAssembly (136ms)
			ExecutionOrderSort (0ms)
			DisableScriptedObjects (7ms)
			BackupInstance (0ms)
			ReleaseScriptingObjects (0ms)
			CreateAndSetChildDomain (42ms)
		EndReloadAssembly (891ms)
			LoadAssemblies (87ms)
			RebuildTransferFunctionScriptingTraits (0ms)
			SetupTypeCache (244ms)
				TypeCache.Initialize (233ms)
					TypeCache.ScanAssembly (225ms)
				ResolveRequiredComponents (11ms)
			ReleaseScriptCaches (2ms)
			RebuildScriptCaches (45ms)
			SetupLoadedEditorAssemblies (434ms)
				LogAssemblyErrors (0ms)
				InitializePlatformSupportModulesInManaged (14ms)
				SetLoadedEditorAssemblies (7ms)
				RefreshPlugins (2ms)
				BeforeProcessingInitializeOnLoad (89ms)
				ProcessInitializeOnLoadAttributes (232ms)
				ProcessInitializeOnLoadMethodAttributes (79ms)
				AfterProcessingInitializeOnLoad (10ms)
				EditorAssembliesLoaded (0ms)
			ExecutionOrderSort2 (0ms)
			AwakeInstancesAfterBackupRestoration (17ms)
Platform modules already initialized, skipping
Refreshing native plugins compatible for Editor in 3.69 ms, found 3 plugins.
Preloading 0 native plugins for Editor in 0.00 ms.
Unloading 5084 Unused Serialized files (Serialized files now loaded: 0)
Unloading 26 unused Assets / (380.6 KB). Loaded Objects now: 5844.
Memory consumption went from 0.79 GB to 0.79 GB.
Total: 4.210600 ms (FindLiveObjects: 0.593600 ms CreateObjectMapping: 0.211900 ms MarkObjects: 3.329600 ms  DeleteObjects: 0.074600 ms)

AssetImportParameters requested are different than current active one (requested -> active):
  custom:video-decoder-ogg-theora: a1e56fd34408186e4bbccfd4996cb3dc -> 
  custom:container-muxer-webm: aa71ff27fc2769a1b78a27578f13a17b -> 
  custom:container-demuxer-webm: 4f35f7cbe854078d1ac9338744f61a02 -> 
  custom:video-encoder-webm-vp8: eb34c28f22e8b96e1ab97ce403110664 -> 
  custom:audio-encoder-webm-vorbis: bf7c407c2cedff20999df2af8eb42d56 -> 
  custom:framework-win-MediaFoundation: 216162199b28c13a410421893ffa2e32 -> 
  custom:container-demuxer-ogg: 62fdf1f143b41e24485cea50d1cbac27 -> 
  custom:video-decoder-webm-vp8: 9c59270c3fd7afecdb556c50c9e8de78 -> 
  custom:audio-decoder-ogg-vorbis: bf7c407c2cedff20999df2af8eb42d56 -> 
Editor requested this worker to shutdown with reason: Scaling down because of idle timeout
AssetImportWorker is now disconnected from the server
Process exiting
Exiting without the bug reporter. Application will terminate with return code 0